2018-10-17 19:16:25.3234|INFO|Microsoft.EntityFrameworkCore.Database.Command|Executed DbCommand (12ms) [Parameters=[], CommandType='Text', CommandTimeout='30']
SELECT CASE
    WHEN EXISTS (
        SELECT 1
        FROM [Cities] AS [c])
    THEN CAST(1 AS BIT) ELSE CAST(0 AS BIT)
END
2018-10-17 19:16:25.9032|INFO|Microsoft.AspNetCore.Hosting.Internal.WebHost|Request starting HTTP/1.1 GET http://localhost:52179/  
2018-10-17 19:16:25.9589|INFO|Microsoft.AspNetCore.Hosting.Internal.WebHost|Request finished in 66.8317ms 200 
2018-10-17 19:27:53.2468|INFO|Microsoft.EntityFrameworkCore.Database.Command|Executed DbCommand (3ms) [Parameters=[], CommandType='Text', CommandTimeout='30']
SELECT CASE
    WHEN EXISTS (
        SELECT 1
        FROM [Cities] AS [c])
    THEN CAST(1 AS BIT) ELSE CAST(0 AS BIT)
END
2018-10-17 19:27:54.1999|INFO|Microsoft.AspNetCore.Hosting.Internal.WebHost|Request starting HTTP/1.1 GET http://localhost:52179/  
2018-10-17 19:27:54.2737|INFO|Microsoft.AspNetCore.Cors.Infrastructure.CorsService|Policy execution failed.
2018-10-17 19:27:54.2737|INFO|Microsoft.AspNetCore.Cors.Infrastructure.CorsService|Request origin http://localhost:3000 does not have permission to access the resource.
2018-10-17 19:27:54.2910|INFO|Microsoft.AspNetCore.Hosting.Internal.WebHost|Request finished in 108.6104ms 200 
2018-10-17 19:28:15.5603|INFO|Microsoft.EntityFrameworkCore.Database.Command|Executed DbCommand (2ms) [Parameters=[], CommandType='Text', CommandTimeout='30']
SELECT CASE
    WHEN EXISTS (
        SELECT 1
        FROM [Cities] AS [c])
    THEN CAST(1 AS BIT) ELSE CAST(0 AS BIT)
END
2018-10-17 19:28:16.1091|INFO|Microsoft.AspNetCore.Hosting.Internal.WebHost|Request starting HTTP/1.1 GET http://localhost:52179/  
2018-10-17 19:28:16.1795|INFO|Microsoft.AspNetCore.Cors.Infrastructure.CorsService|Policy execution successful.
2018-10-17 19:28:16.1795|INFO|Microsoft.AspNetCore.Hosting.Internal.WebHost|Request finished in 95.2572ms 200 
2018-10-17 19:30:18.0303|INFO|Microsoft.AspNetCore.Hosting.Internal.WebHost|Request starting HTTP/1.1 GET http://localhost:52179/  
2018-10-17 19:30:18.0803|INFO|Microsoft.AspNetCore.Cors.Infrastructure.CorsService|Policy execution successful.
2018-10-17 19:30:18.1348|INFO|Microsoft.AspNetCore.Hosting.Internal.WebHost|Request finished in 104.9806ms 200 
2018-10-17 19:32:44.5333|INFO|Microsoft.EntityFrameworkCore.Database.Command|Executed DbCommand (3ms) [Parameters=[], CommandType='Text', CommandTimeout='30']
SELECT CASE
    WHEN EXISTS (
        SELECT 1
        FROM [Cities] AS [c])
    THEN CAST(1 AS BIT) ELSE CAST(0 AS BIT)
END
2018-10-17 19:32:45.9226|INFO|Microsoft.AspNetCore.Hosting.Internal.WebHost|Request starting HTTP/1.1 GET http://localhost:52179/  
2018-10-17 19:32:45.9494|INFO|Microsoft.AspNetCore.Hosting.Internal.WebHost|Request starting HTTP/1.1 DEBUG http://localhost:52179/  0
2018-10-17 19:32:46.0621|INFO|Microsoft.AspNetCore.Hosting.Internal.WebHost|Request finished in 129.753ms 200 
2018-10-17 19:32:46.5210|INFO|Microsoft.AspNetCore.Hosting.Internal.WebHost|Request finished in 439.5417ms 200 
2018-10-17 19:32:46.6097|INFO|Microsoft.AspNetCore.Hosting.Internal.WebHost|Request starting HTTP/1.1 GET http://localhost:52179/favicon.ico  
2018-10-17 19:32:46.6516|INFO|Microsoft.AspNetCore.Hosting.Internal.WebHost|Request finished in 48.3507ms 200 
2018-10-17 19:37:02.9746|INFO|Microsoft.AspNetCore.Hosting.Internal.WebHost|Request starting HTTP/1.1 GET http://localhost:52179/  
2018-10-17 19:37:03.0900|INFO|Microsoft.AspNetCore.Cors.Infrastructure.CorsService|Policy execution successful.
2018-10-17 19:37:03.3711|INFO|Microsoft.AspNetCore.Hosting.Internal.WebHost|Request finished in 297.7574ms 200 
2018-10-17 19:40:12.4824|INFO|Microsoft.AspNetCore.Hosting.Internal.WebHost|Request starting HTTP/1.1 GET http://localhost:52179/  
2018-10-17 19:40:12.5346|INFO|Microsoft.AspNetCore.Cors.Infrastructure.CorsService|Policy execution successful.
2018-10-17 19:40:12.7489|INFO|Microsoft.AspNetCore.Hosting.Internal.WebHost|Request finished in 128.4391ms 200 
2018-10-17 19:40:42.7752|INFO|Microsoft.AspNetCore.Hosting.Internal.WebHost|Request starting HTTP/1.1 GET http://localhost:52179/  
2018-10-17 19:40:42.7944|INFO|Microsoft.AspNetCore.Cors.Infrastructure.CorsService|Policy execution successful.
2018-10-17 19:40:42.8293|INFO|Microsoft.AspNetCore.Hosting.Internal.WebHost|Request finished in 61.6296ms 200 
2018-10-17 19:43:06.5166|INFO|Microsoft.AspNetCore.Hosting.Internal.WebHost|Request starting HTTP/1.1 GET http://localhost:52179/  
2018-10-17 19:43:06.6703|INFO|Microsoft.AspNetCore.Cors.Infrastructure.CorsService|Policy execution successful.
2018-10-17 19:43:06.8249|INFO|Microsoft.AspNetCore.Hosting.Internal.WebHost|Request finished in 553.805ms 200 
2018-10-17 19:48:22.7059|INFO|Microsoft.AspNetCore.Hosting.Internal.WebHost|Request starting HTTP/1.1 GET http://localhost:52179/api/cities  
2018-10-17 19:48:22.8158|INFO|Microsoft.EntityFrameworkCore.Infrastructure|Entity Framework Core 2.1.4-rtm-31024 initialized 'CityInfoContext' using provider 'Microsoft.EntityFrameworkCore.SqlServer' with options: None
2018-10-17 19:48:23.1847|INFO|Microsoft.EntityFrameworkCore.Database.Command|Executed DbCommand (31ms) [Parameters=[], CommandType='Text', CommandTimeout='30']
SELECT OBJECT_ID(N'[__EFMigrationsHistory]');
2018-10-17 19:48:23.1953|INFO|Microsoft.EntityFrameworkCore.Database.Command|Executed DbCommand (0ms) [Parameters=[], CommandType='Text', CommandTimeout='30']
SELECT OBJECT_ID(N'[__EFMigrationsHistory]');
2018-10-17 19:48:23.2239|INFO|Microsoft.EntityFrameworkCore.Database.Command|Executed DbCommand (11ms) [Parameters=[], CommandType='Text', CommandTimeout='30']
SELECT [MigrationId], [ProductVersion]
FROM [__EFMigrationsHistory]
ORDER BY [MigrationId];
2018-10-17 19:48:23.2239|INFO|Microsoft.EntityFrameworkCore.Migrations|No migrations were applied. The database is already up to date.
2018-10-17 19:48:23.2594|INFO|Microsoft.AspNetCore.Mvc.Internal.ControllerActionInvoker|Executing action method CityInfo.API.Controllers.CitiesController.GetCities (CityInfo.API) with arguments ((null)) - ModelState is Valid
2018-10-17 19:48:23.6101|INFO|Microsoft.EntityFrameworkCore.Database.Command|Executed DbCommand (19ms) [Parameters=[], CommandType='Text', CommandTimeout='30']
SELECT [c].[Id], [c].[Description], [c].[Name]
FROM [Cities] AS [c]
ORDER BY [c].[Name]
2018-10-17 19:48:23.8299|INFO|Microsoft.AspNetCore.Mvc.Internal.ObjectResultExecutor|Executing ObjectResult, writing value Microsoft.AspNetCore.Mvc.ControllerContext.
2018-10-17 19:48:23.9901|INFO|Microsoft.AspNetCore.Mvc.Internal.ControllerActionInvoker|Executed action CityInfo.API.Controllers.CitiesController.GetCities (CityInfo.API) in 1195.3738ms
2018-10-17 19:48:24.0098|INFO|Microsoft.AspNetCore.Hosting.Internal.WebHost|Request finished in 1699.9325ms 200 application/json; charset=utf-8
2018-10-17 19:48:37.3396|INFO|Microsoft.AspNetCore.Hosting.Internal.WebHost|Request starting HTTP/1.1 GET http://localhost:52179/  
2018-10-17 19:48:37.3545|INFO|Microsoft.AspNetCore.Cors.Infrastructure.CorsService|Policy execution successful.
2018-10-17 19:48:37.4906|INFO|Microsoft.AspNetCore.Hosting.Internal.WebHost|Request finished in 220.5831ms 200 
2018-10-17 19:51:02.9739|INFO|Microsoft.AspNetCore.Hosting.Internal.WebHost|Request starting HTTP/1.1 GET http://localhost:52179/api/cities?=results-5 application/json 
2018-10-17 19:51:02.9891|INFO|Microsoft.EntityFrameworkCore.Infrastructure|Entity Framework Core 2.1.4-rtm-31024 initialized 'CityInfoContext' using provider 'Microsoft.EntityFrameworkCore.SqlServer' with options: None
2018-10-17 19:51:03.0112|INFO|Microsoft.EntityFrameworkCore.Database.Command|Executed DbCommand (1ms) [Parameters=[], CommandType='Text', CommandTimeout='30']
SELECT OBJECT_ID(N'[__EFMigrationsHistory]');
2018-10-17 19:51:03.0269|INFO|Microsoft.EntityFrameworkCore.Database.Command|Executed DbCommand (2ms) [Parameters=[], CommandType='Text', CommandTimeout='30']
SELECT OBJECT_ID(N'[__EFMigrationsHistory]');
2018-10-17 19:51:03.0711|INFO|Microsoft.EntityFrameworkCore.Database.Command|Executed DbCommand (15ms) [Parameters=[], CommandType='Text', CommandTimeout='30']
SELECT [MigrationId], [ProductVersion]
FROM [__EFMigrationsHistory]
ORDER BY [MigrationId];
2018-10-17 19:51:03.0836|INFO|Microsoft.EntityFrameworkCore.Migrations|No migrations were applied. The database is already up to date.
2018-10-17 19:51:03.1147|INFO|Microsoft.AspNetCore.Mvc.Internal.ControllerActionInvoker|Executing action method CityInfo.API.Controllers.CitiesController.GetCities (CityInfo.API) with arguments ((null)) - ModelState is Valid
2018-10-17 19:51:03.1747|INFO|Microsoft.EntityFrameworkCore.Database.Command|Executed DbCommand (1ms) [Parameters=[], CommandType='Text', CommandTimeout='30']
SELECT [c].[Id], [c].[Description], [c].[Name]
FROM [Cities] AS [c]
ORDER BY [c].[Name]
2018-10-17 19:51:03.2082|INFO|Microsoft.AspNetCore.Mvc.Internal.ObjectResultExecutor|Executing ObjectResult, writing value Microsoft.AspNetCore.Mvc.ControllerContext.
2018-10-17 19:51:03.2496|INFO|Microsoft.AspNetCore.Mvc.Internal.ControllerActionInvoker|Executed action CityInfo.API.Controllers.CitiesController.GetCities (CityInfo.API) in 238.7598ms
2018-10-17 19:51:03.2746|INFO|Microsoft.AspNetCore.Hosting.Internal.WebHost|Request finished in 317.2561ms 200 application/json; charset=utf-8
2018-10-17 19:51:09.9730|INFO|Microsoft.AspNetCore.Hosting.Internal.WebHost|Request starting HTTP/1.1 GET http://localhost:52179/api/cities application/json 
2018-10-17 19:51:09.9730|INFO|Microsoft.EntityFrameworkCore.Infrastructure|Entity Framework Core 2.1.4-rtm-31024 initialized 'CityInfoContext' using provider 'Microsoft.EntityFrameworkCore.SqlServer' with options: None
2018-10-17 19:51:10.0016|INFO|Microsoft.EntityFrameworkCore.Database.Command|Executed DbCommand (2ms) [Parameters=[], CommandType='Text', CommandTimeout='30']
SELECT OBJECT_ID(N'[__EFMigrationsHistory]');
2018-10-17 19:51:10.0195|INFO|Microsoft.EntityFrameworkCore.Database.Command|Executed DbCommand (3ms) [Parameters=[], CommandType='Text', CommandTimeout='30']
SELECT OBJECT_ID(N'[__EFMigrationsHistory]');
2018-10-17 19:51:10.0195|INFO|Microsoft.EntityFrameworkCore.Database.Command|Executed DbCommand (1ms) [Parameters=[], CommandType='Text', CommandTimeout='30']
SELECT [MigrationId], [ProductVersion]
FROM [__EFMigrationsHistory]
ORDER BY [MigrationId];
2018-10-17 19:51:10.0524|INFO|Microsoft.EntityFrameworkCore.Migrations|No migrations were applied. The database is already up to date.
2018-10-17 19:51:10.0728|INFO|Microsoft.AspNetCore.Mvc.Internal.ControllerActionInvoker|Executing action method CityInfo.API.Controllers.CitiesController.GetCities (CityInfo.API) with arguments ((null)) - ModelState is Valid
2018-10-17 19:51:10.1045|INFO|Microsoft.EntityFrameworkCore.Database.Command|Executed DbCommand (8ms) [Parameters=[], CommandType='Text', CommandTimeout='30']
SELECT [c].[Id], [c].[Description], [c].[Name]
FROM [Cities] AS [c]
ORDER BY [c].[Name]
2018-10-17 19:51:10.1396|INFO|Microsoft.AspNetCore.Mvc.Internal.ObjectResultExecutor|Executing ObjectResult, writing value Microsoft.AspNetCore.Mvc.ControllerContext.
2018-10-17 19:51:10.1533|INFO|Microsoft.AspNetCore.Mvc.Internal.ControllerActionInvoker|Executed action CityInfo.API.Controllers.CitiesController.GetCities (CityInfo.API) in 166.8119ms
2018-10-17 19:51:10.1780|INFO|Microsoft.AspNetCore.Hosting.Internal.WebHost|Request finished in 193.6777ms 200 application/json; charset=utf-8
2018-10-17 19:51:15.6189|INFO|Microsoft.AspNetCore.Hosting.Internal.WebHost|Request starting HTTP/1.1 GET http://localhost:52179/api/cities/pointsofinterest/ application/json 
2018-10-17 19:51:15.6662|INFO|Microsoft.EntityFrameworkCore.Infrastructure|Entity Framework Core 2.1.4-rtm-31024 initialized 'CityInfoContext' using provider 'Microsoft.EntityFrameworkCore.SqlServer' with options: None
2018-10-17 19:51:15.6816|INFO|Microsoft.EntityFrameworkCore.Database.Command|Executed DbCommand (2ms) [Parameters=[], CommandType='Text', CommandTimeout='30']
SELECT OBJECT_ID(N'[__EFMigrationsHistory]');
2018-10-17 19:51:15.6969|INFO|Microsoft.EntityFrameworkCore.Database.Command|Executed DbCommand (0ms) [Parameters=[], CommandType='Text', CommandTimeout='30']
SELECT OBJECT_ID(N'[__EFMigrationsHistory]');
2018-10-17 19:51:15.7350|INFO|Microsoft.EntityFrameworkCore.Database.Command|Executed DbCommand (0ms) [Parameters=[], CommandType='Text', CommandTimeout='30']
SELECT [MigrationId], [ProductVersion]
FROM [__EFMigrationsHistory]
ORDER BY [MigrationId];
2018-10-17 19:51:15.7502|INFO|Microsoft.EntityFrameworkCore.Migrations|No migrations were applied. The database is already up to date.
2018-10-17 19:51:15.8097|INFO|Microsoft.AspNetCore.Mvc.Internal.ControllerActionInvoker|Executing action method CityInfo.API.Controllers.CitiesController.GetCity (CityInfo.API) with arguments (0, False) - ModelState is Invalid
2018-10-17 19:51:15.9932|INFO|Microsoft.EntityFrameworkCore.Database.Command|Executed DbCommand (62ms) [Parameters=[@__cityId_0='?' (DbType = Int32)], CommandType='Text', CommandTimeout='30']
SELECT TOP(1) [c].[Id], [c].[Description], [c].[Name]
FROM [Cities] AS [c]
WHERE [c].[Id] = @__cityId_0
2018-10-17 19:51:16.0514|INFO|Microsoft.AspNetCore.Mvc.StatusCodeResult|Executing HttpStatusCodeResult, setting HTTP status code 404
2018-10-17 19:51:16.0999|INFO|Microsoft.AspNetCore.Mvc.Internal.ControllerActionInvoker|Executed action CityInfo.API.Controllers.CitiesController.GetCity (CityInfo.API) in 412.117ms
2018-10-17 19:51:16.1198|INFO|Microsoft.AspNetCore.Hosting.Internal.WebHost|Request finished in 495.3324ms 404 text/plain
2018-10-17 19:52:02.9612|INFO|Microsoft.AspNetCore.Hosting.Internal.WebHost|Request starting HTTP/1.1 GET http://localhost:52179/api/cities?pointsofinterest=true application/json 
2018-10-17 19:52:03.0104|INFO|Microsoft.EntityFrameworkCore.Infrastructure|Entity Framework Core 2.1.4-rtm-31024 initialized 'CityInfoContext' using provider 'Microsoft.EntityFrameworkCore.SqlServer' with options: None
2018-10-17 19:52:03.0341|INFO|Microsoft.EntityFrameworkCore.Database.Command|Executed DbCommand (4ms) [Parameters=[], CommandType='Text', CommandTimeout='30']
SELECT OBJECT_ID(N'[__EFMigrationsHistory]');
2018-10-17 19:52:03.0620|INFO|Microsoft.EntityFrameworkCore.Database.Command|Executed DbCommand (0ms) [Parameters=[], CommandType='Text', CommandTimeout='30']
SELECT OBJECT_ID(N'[__EFMigrationsHistory]');
2018-10-17 19:52:03.0786|INFO|Microsoft.EntityFrameworkCore.Database.Command|Executed DbCommand (1ms) [Parameters=[], CommandType='Text', CommandTimeout='30']
SELECT [MigrationId], [ProductVersion]
FROM [__EFMigrationsHistory]
ORDER BY [MigrationId];
2018-10-17 19:52:03.1109|INFO|Microsoft.EntityFrameworkCore.Migrations|No migrations were applied. The database is already up to date.
2018-10-17 19:52:03.1202|INFO|Microsoft.AspNetCore.Mvc.Internal.ControllerActionInvoker|Executing action method CityInfo.API.Controllers.CitiesController.GetCities (CityInfo.API) with arguments ((null)) - ModelState is Valid
2018-10-17 19:52:03.1728|INFO|Microsoft.EntityFrameworkCore.Database.Command|Executed DbCommand (1ms) [Parameters=[], CommandType='Text', CommandTimeout='30']
SELECT [c].[Id], [c].[Description], [c].[Name]
FROM [Cities] AS [c]
ORDER BY [c].[Name]
2018-10-17 19:52:03.1814|INFO|Microsoft.AspNetCore.Mvc.Internal.ObjectResultExecutor|Executing ObjectResult, writing value Microsoft.AspNetCore.Mvc.ControllerContext.
2018-10-17 19:52:03.2147|INFO|Microsoft.AspNetCore.Mvc.Internal.ControllerActionInvoker|Executed action CityInfo.API.Controllers.CitiesController.GetCities (CityInfo.API) in 217.0093ms
2018-10-17 19:52:03.2340|INFO|Microsoft.AspNetCore.Hosting.Internal.WebHost|Request finished in 263.2321ms 200 application/json; charset=utf-8
2018-10-17 19:52:14.4172|INFO|Microsoft.AspNetCore.Hosting.Internal.WebHost|Request starting HTTP/1.1 GET http://localhost:52179/api/cities application/json 
2018-10-17 19:52:14.4482|INFO|Microsoft.EntityFrameworkCore.Infrastructure|Entity Framework Core 2.1.4-rtm-31024 initialized 'CityInfoContext' using provider 'Microsoft.EntityFrameworkCore.SqlServer' with options: None
2018-10-17 19:52:14.4777|INFO|Microsoft.EntityFrameworkCore.Database.Command|Executed DbCommand (2ms) [Parameters=[], CommandType='Text', CommandTimeout='30']
SELECT OBJECT_ID(N'[__EFMigrationsHistory]');
2018-10-17 19:52:14.4966|INFO|Microsoft.EntityFrameworkCore.Database.Command|Executed DbCommand (2ms) [Parameters=[], CommandType='Text', CommandTimeout='30']
SELECT OBJECT_ID(N'[__EFMigrationsHistory]');
2018-10-17 19:52:14.5859|INFO|Microsoft.EntityFrameworkCore.Database.Command|Executed DbCommand (2ms) [Parameters=[], CommandType='Text', CommandTimeout='30']
SELECT [MigrationId], [ProductVersion]
FROM [__EFMigrationsHistory]
ORDER BY [MigrationId];
2018-10-17 19:52:14.6590|INFO|Microsoft.EntityFrameworkCore.Migrations|No migrations were applied. The database is already up to date.
2018-10-17 19:52:14.7079|INFO|Microsoft.AspNetCore.Mvc.Internal.ControllerActionInvoker|Executing action method CityInfo.API.Controllers.CitiesController.GetCities (CityInfo.API) with arguments ((null)) - ModelState is Valid
2018-10-17 19:52:14.7079|INFO|Microsoft.EntityFrameworkCore.Database.Command|Executed DbCommand (0ms) [Parameters=[], CommandType='Text', CommandTimeout='30']
SELECT [c].[Id], [c].[Description], [c].[Name]
FROM [Cities] AS [c]
ORDER BY [c].[Name]
2018-10-17 19:52:14.7478|INFO|Microsoft.AspNetCore.Mvc.Internal.ObjectResultExecutor|Executing ObjectResult, writing value Microsoft.AspNetCore.Mvc.ControllerContext.
2018-10-17 19:52:14.7976|INFO|Microsoft.AspNetCore.Mvc.Internal.ControllerActionInvoker|Executed action CityInfo.API.Controllers.CitiesController.GetCities (CityInfo.API) in 329.5278ms
2018-10-17 19:52:14.8154|INFO|Microsoft.AspNetCore.Hosting.Internal.WebHost|Request finished in 391.6173ms 200 application/json; charset=utf-8
2018-10-17 19:59:32.7066|INFO|Microsoft.AspNetCore.Hosting.Internal.WebHost|Request starting HTTP/1.1 GET http://localhost:52179/  
2018-10-17 19:59:32.7256|INFO|Microsoft.AspNetCore.Cors.Infrastructure.CorsService|Policy execution successful.
2018-10-17 19:59:32.7607|INFO|Microsoft.AspNetCore.Hosting.Internal.WebHost|Request finished in 43.8037ms 200 
2018-10-17 19:59:39.0156|INFO|Microsoft.AspNetCore.Hosting.Internal.WebHost|Request starting HTTP/1.1 GET http://localhost:52179/  
2018-10-17 19:59:39.0771|INFO|Microsoft.AspNetCore.Cors.Infrastructure.CorsService|Policy execution successful.
2018-10-17 19:59:39.1258|INFO|Microsoft.AspNetCore.Hosting.Internal.WebHost|Request finished in 94.0999ms 200 
2018-10-17 20:00:10.4170|INFO|Microsoft.AspNetCore.Hosting.Internal.WebHost|Request starting HTTP/1.1 GET http://localhost:52179/  
2018-10-17 20:00:10.4369|INFO|Microsoft.AspNetCore.Cors.Infrastructure.CorsService|Policy execution successful.
2018-10-17 20:00:10.9589|INFO|Microsoft.AspNetCore.Hosting.Internal.WebHost|Request finished in 436.3153ms 200 
2018-10-17 20:00:37.8029|INFO|Microsoft.AspNetCore.Hosting.Internal.WebHost|Request starting HTTP/1.1 GET http://localhost:52179/  
2018-10-17 20:00:37.8194|INFO|Microsoft.AspNetCore.Cors.Infrastructure.CorsService|Policy execution successful.
2018-10-17 20:00:38.2901|INFO|Microsoft.AspNetCore.Hosting.Internal.WebHost|Request finished in 201.6067ms 200 
2018-10-17 20:02:30.7209|INFO|Microsoft.AspNetCore.Hosting.Internal.WebHost|Request starting HTTP/1.1 GET http://localhost:52179/  
2018-10-17 20:02:30.7392|INFO|Microsoft.AspNetCore.Cors.Infrastructure.CorsService|Policy execution successful.
2018-10-17 20:02:30.7758|INFO|Microsoft.AspNetCore.Hosting.Internal.WebHost|Request finished in 39.9468ms 200 
2018-10-17 20:02:42.5192|INFO|Microsoft.AspNetCore.Hosting.Internal.WebHost|Request starting HTTP/1.1 GET http://localhost:52179/  
2018-10-17 20:02:42.6627|INFO|Microsoft.AspNetCore.Cors.Infrastructure.CorsService|Policy execution successful.
2018-10-17 20:02:42.6896|INFO|Microsoft.AspNetCore.Hosting.Internal.WebHost|Request finished in 178.6193ms 200 
2018-10-17 20:03:05.4281|INFO|Microsoft.AspNetCore.Hosting.Internal.WebHost|Request starting HTTP/1.1 GET http://localhost:52179/  
2018-10-17 20:03:05.5125|INFO|Microsoft.AspNetCore.Cors.Infrastructure.CorsService|Policy execution successful.
2018-10-17 20:03:05.6643|INFO|Microsoft.AspNetCore.Hosting.Internal.WebHost|Request finished in 400.6767ms 200 
2018-10-17 20:03:15.1144|INFO|Microsoft.AspNetCore.Hosting.Internal.WebHost|Request starting HTTP/1.1 GET http://localhost:52179/  
2018-10-17 20:03:15.1514|INFO|Microsoft.AspNetCore.Cors.Infrastructure.CorsService|Policy execution successful.
2018-10-17 20:03:15.1797|INFO|Microsoft.AspNetCore.Hosting.Internal.WebHost|Request finished in 232.3376ms 200 
2018-10-17 20:03:35.3489|INFO|Microsoft.AspNetCore.Hosting.Internal.WebHost|Request starting HTTP/1.1 GET http://localhost:52179/  
2018-10-17 20:03:35.8670|INFO|Microsoft.AspNetCore.Cors.Infrastructure.CorsService|Policy execution successful.
2018-10-17 20:03:36.1837|INFO|Microsoft.AspNetCore.Hosting.Internal.WebHost|Request finished in 788.0601ms 200 
2018-10-17 20:22:04.4729|INFO|Microsoft.AspNetCore.Hosting.Internal.WebHost|Request starting HTTP/1.1 OPTIONS http://localhost:52179/  
2018-10-17 20:22:04.4729|INFO|Microsoft.AspNetCore.Cors.Infrastructure.CorsService|Policy execution failed.
2018-10-17 20:22:04.5183|INFO|Microsoft.AspNetCore.Cors.Infrastructure.CorsService|Request method GET not allowed in CORS policy.
2018-10-17 20:22:04.5358|INFO|Microsoft.AspNetCore.Hosting.Internal.WebHost|Request finished in 75.5837ms 204 
2018-10-17 20:22:30.1548|INFO|Microsoft.AspNetCore.Hosting.Internal.WebHost|Request starting HTTP/1.1 OPTIONS http://localhost:52179/  
2018-10-17 20:22:30.5033|INFO|Microsoft.AspNetCore.Cors.Infrastructure.CorsService|Policy execution failed.
2018-10-17 20:22:30.5924|INFO|Microsoft.AspNetCore.Cors.Infrastructure.CorsService|Request method GET not allowed in CORS policy.
2018-10-17 20:22:30.9652|INFO|Microsoft.AspNetCore.Hosting.Internal.WebHost|Request finished in 877.0464ms 204 
2018-10-17 20:23:22.9233|INFO|Microsoft.AspNetCore.Hosting.Internal.WebHost|Request starting HTTP/1.1 OPTIONS http://localhost:52179/  
2018-10-17 20:23:23.0908|INFO|Microsoft.AspNetCore.Cors.Infrastructure.CorsService|Policy execution failed.
2018-10-17 20:23:23.1609|INFO|Microsoft.AspNetCore.Cors.Infrastructure.CorsService|Request method GET not allowed in CORS policy.
2018-10-17 20:23:23.2730|INFO|Microsoft.AspNetCore.Hosting.Internal.WebHost|Request finished in 247.889ms 204 
2018-10-17 20:23:24.7522|INFO|Microsoft.AspNetCore.Hosting.Internal.WebHost|Request starting HTTP/1.1 GET http://localhost:52179/  
2018-10-17 20:23:24.7738|INFO|Microsoft.AspNetCore.Hosting.Internal.WebHost|Request finished in 28.4332ms 200 
2018-10-17 20:23:24.9134|INFO|Microsoft.AspNetCore.Hosting.Internal.WebHost|Request starting HTTP/1.1 GET http://localhost:52179/favicon.ico  
2018-10-17 20:23:24.9272|INFO|Microsoft.AspNetCore.Hosting.Internal.WebHost|Request finished in 10.5834ms 200 
2018-10-17 20:23:29.1449|INFO|Microsoft.AspNetCore.Hosting.Internal.WebHost|Request starting HTTP/1.1 OPTIONS http://localhost:52179/  
2018-10-17 20:23:29.1706|INFO|Microsoft.AspNetCore.Cors.Infrastructure.CorsService|Policy execution failed.
2018-10-17 20:23:29.1902|INFO|Microsoft.AspNetCore.Cors.Infrastructure.CorsService|Request method GET not allowed in CORS policy.
2018-10-17 20:23:29.2058|INFO|Microsoft.AspNetCore.Hosting.Internal.WebHost|Request finished in 58.2709ms 204 
2018-10-17 20:23:46.3127|INFO|Microsoft.AspNetCore.Hosting.Internal.WebHost|Request starting HTTP/1.1 OPTIONS http://localhost:52179/  
2018-10-17 20:23:46.3238|INFO|Microsoft.AspNetCore.Cors.Infrastructure.CorsService|Policy execution failed.
2018-10-17 20:23:46.3569|INFO|Microsoft.AspNetCore.Cors.Infrastructure.CorsService|Request method GET not allowed in CORS policy.
2018-10-17 20:23:46.3824|INFO|Microsoft.AspNetCore.Hosting.Internal.WebHost|Request finished in 80.2738ms 204 
2018-10-17 20:23:53.8328|INFO|Microsoft.AspNetCore.Hosting.Internal.WebHost|Request starting HTTP/1.1 OPTIONS http://localhost:52179/  
2018-10-17 20:23:54.0707|INFO|Microsoft.AspNetCore.Cors.Infrastructure.CorsService|Policy execution failed.
2018-10-17 20:23:54.0901|INFO|Microsoft.AspNetCore.Cors.Infrastructure.CorsService|Request method GET not allowed in CORS policy.
2018-10-17 20:23:54.2889|INFO|Microsoft.AspNetCore.Hosting.Internal.WebHost|Request finished in 274.4477ms 204 
2018-10-17 20:24:22.0059|INFO|Microsoft.AspNetCore.Hosting.Internal.WebHost|Request starting HTTP/1.1 GET http://localhost:52179/  
2018-10-17 20:24:22.1195|INFO|Microsoft.AspNetCore.Hosting.Internal.WebHost|Request finished in 65.6004ms 200 
2018-10-17 20:24:22.2011|INFO|Microsoft.AspNetCore.Hosting.Internal.WebHost|Request starting HTTP/1.1 GET http://localhost:52179/  
2018-10-17 20:24:22.2272|INFO|Microsoft.AspNetCore.Hosting.Internal.WebHost|Request finished in 17.9146ms 200 
2018-10-17 20:24:22.4011|INFO|Microsoft.AspNetCore.Hosting.Internal.WebHost|Request starting HTTP/1.1 GET http://localhost:52179/favicon.ico  
2018-10-17 20:24:22.4150|INFO|Microsoft.AspNetCore.Hosting.Internal.WebHost|Request finished in 14.5288ms 200 
2018-10-17 20:24:23.1343|INFO|Microsoft.AspNetCore.Hosting.Internal.WebHost|Request starting HTTP/1.1 GET http://localhost:52179/favicon.ico  
2018-10-17 20:24:23.1475|INFO|Microsoft.AspNetCore.Hosting.Internal.WebHost|Request finished in 49.7746ms 200 
2018-10-17 20:24:47.8133|INFO|Microsoft.AspNetCore.Hosting.Internal.WebHost|Request starting HTTP/1.1 OPTIONS http://localhost:52179/  
2018-10-17 20:24:47.8281|INFO|Microsoft.AspNetCore.Cors.Infrastructure.CorsService|Policy execution failed.
2018-10-17 20:24:47.8445|INFO|Microsoft.AspNetCore.Cors.Infrastructure.CorsService|Request method GET not allowed in CORS policy.
2018-10-17 20:24:47.8789|INFO|Microsoft.AspNetCore.Hosting.Internal.WebHost|Request finished in 44.4674ms 204 
2018-10-17 20:24:51.5819|INFO|Microsoft.AspNetCore.Hosting.Internal.WebHost|Request starting HTTP/1.1 OPTIONS http://localhost:52179/  
2018-10-17 20:24:51.6377|INFO|Microsoft.AspNetCore.Cors.Infrastructure.CorsService|Policy execution failed.
2018-10-17 20:24:51.6784|INFO|Microsoft.AspNetCore.Cors.Infrastructure.CorsService|Request method GET not allowed in CORS policy.
2018-10-17 20:24:51.7056|INFO|Microsoft.AspNetCore.Hosting.Internal.WebHost|Request finished in 118.0055ms 204 
2018-10-17 20:25:36.0328|INFO|Microsoft.AspNetCore.Hosting.Internal.WebHost|Request starting HTTP/1.1 OPTIONS http://localhost:52179/  
2018-10-17 20:25:36.3038|INFO|Microsoft.AspNetCore.Cors.Infrastructure.CorsService|Policy execution failed.
2018-10-17 20:25:36.3424|INFO|Microsoft.AspNetCore.Cors.Infrastructure.CorsService|Request method GET not allowed in CORS policy.
2018-10-17 20:25:36.6916|INFO|Microsoft.AspNetCore.Hosting.Internal.WebHost|Request finished in 765.9821ms 204 
2018-10-17 20:25:50.7884|INFO|Microsoft.AspNetCore.Hosting.Internal.WebHost|Request starting HTTP/1.1 GET http://localhost:52179/  
2018-10-17 20:25:50.9459|INFO|Microsoft.AspNetCore.Cors.Infrastructure.CorsService|Policy execution successful.
2018-10-17 20:25:50.9998|INFO|Microsoft.AspNetCore.Hosting.Internal.WebHost|Request finished in 463.5084ms 200 
2018-10-17 20:31:42.1503|INFO|Microsoft.AspNetCore.Hosting.Internal.WebHost|Request starting HTTP/1.1 GET http://localhost:52179/api/cities  
2018-10-17 20:31:42.2111|INFO|Microsoft.EntityFrameworkCore.Infrastructure|Entity Framework Core 2.1.4-rtm-31024 initialized 'CityInfoContext' using provider 'Microsoft.EntityFrameworkCore.SqlServer' with options: None
2018-10-17 20:31:43.3393|INFO|Microsoft.EntityFrameworkCore.Database.Command|Executed DbCommand (10ms) [Parameters=[], CommandType='Text', CommandTimeout='30']
SELECT OBJECT_ID(N'[__EFMigrationsHistory]');
2018-10-17 20:31:43.3898|INFO|Microsoft.EntityFrameworkCore.Database.Command|Executed DbCommand (0ms) [Parameters=[], CommandType='Text', CommandTimeout='30']
SELECT OBJECT_ID(N'[__EFMigrationsHistory]');
2018-10-17 20:31:43.4462|INFO|Microsoft.EntityFrameworkCore.Database.Command|Executed DbCommand (2ms) [Parameters=[], CommandType='Text', CommandTimeout='30']
SELECT [MigrationId], [ProductVersion]
FROM [__EFMigrationsHistory]
ORDER BY [MigrationId];
2018-10-17 20:31:43.4462|INFO|Microsoft.EntityFrameworkCore.Migrations|No migrations were applied. The database is already up to date.
2018-10-17 20:31:43.5089|INFO|Microsoft.AspNetCore.Mvc.Internal.ControllerActionInvoker|Executing action method CityInfo.API.Controllers.CitiesController.GetCities (CityInfo.API) with arguments ((null)) - ModelState is Valid
2018-10-17 20:31:43.5477|INFO|Microsoft.EntityFrameworkCore.Database.Command|Executed DbCommand (7ms) [Parameters=[], CommandType='Text', CommandTimeout='30']
SELECT [c].[Id], [c].[Description], [c].[Name]
FROM [Cities] AS [c]
ORDER BY [c].[Name]
2018-10-17 20:31:43.5771|INFO|Microsoft.AspNetCore.Mvc.Internal.ObjectResultExecutor|Executing ObjectResult, writing value Microsoft.AspNetCore.Mvc.ControllerContext.
2018-10-17 20:31:43.5878|INFO|Microsoft.AspNetCore.Mvc.Internal.ControllerActionInvoker|Executed action CityInfo.API.Controllers.CitiesController.GetCities (CityInfo.API) in 1419.0269ms
2018-10-17 20:31:43.6186|INFO|Microsoft.AspNetCore.Hosting.Internal.WebHost|Request finished in 1450.5681ms 200 application/json; charset=utf-8
2018-10-17 20:32:14.3126|INFO|Microsoft.AspNetCore.Hosting.Internal.WebHost|Request starting HTTP/1.1 GET http://localhost:52179/  
2018-10-17 20:32:14.3293|INFO|Microsoft.AspNetCore.Cors.Infrastructure.CorsService|Policy execution successful.
2018-10-17 20:32:14.3996|INFO|Microsoft.AspNetCore.Hosting.Internal.WebHost|Request finished in 227.237ms 200 
2018-10-17 20:33:20.9082|INFO|Microsoft.AspNetCore.Hosting.Internal.WebHost|Request starting HTTP/1.1 GET http://localhost:52179/  
2018-10-17 20:33:20.9386|INFO|Microsoft.AspNetCore.Cors.Infrastructure.CorsService|Policy execution successful.
2018-10-17 20:33:20.9811|INFO|Microsoft.AspNetCore.Hosting.Internal.WebHost|Request finished in 200.3073ms 200 
