2018-10-19 20:29:50.7075|INFO|Microsoft.EntityFrameworkCore.Database.Command|Executed DbCommand (4ms) [Parameters=[], CommandType='Text', CommandTimeout='30']
SELECT CASE
    WHEN EXISTS (
        SELECT 1
        FROM [Cities] AS [c])
    THEN CAST(1 AS BIT) ELSE CAST(0 AS BIT)
END
2018-10-19 20:29:51.7004|INFO|Microsoft.AspNetCore.Hosting.Internal.WebHost|Request starting HTTP/1.1 GET http://localhost:52179/  
2018-10-19 20:29:51.7004|INFO|Microsoft.AspNetCore.Hosting.Internal.WebHost|Request starting HTTP/1.1 DEBUG http://localhost:52179/  0
2018-10-19 20:29:51.7693|INFO|Microsoft.AspNetCore.Hosting.Internal.WebHost|Request finished in 132.7477ms 200 
2018-10-19 20:29:51.9068|INFO|Microsoft.AspNetCore.Hosting.Internal.WebHost|Request finished in 259.8004ms 200 
2018-10-19 20:29:52.1989|INFO|Microsoft.AspNetCore.Hosting.Internal.WebHost|Request starting HTTP/1.1 GET http://localhost:52179/favicon.ico  
2018-10-19 20:29:52.2147|INFO|Microsoft.AspNetCore.Hosting.Internal.WebHost|Request finished in 137.6851ms 200 
2018-10-19 20:36:40.7066|INFO|Microsoft.EntityFrameworkCore.Database.Command|Executed DbCommand (4ms) [Parameters=[], CommandType='Text', CommandTimeout='30']
SELECT CASE
    WHEN EXISTS (
        SELECT 1
        FROM [Cities] AS [c])
    THEN CAST(1 AS BIT) ELSE CAST(0 AS BIT)
END
2018-10-19 20:36:42.0167|INFO|Microsoft.AspNetCore.Hosting.Internal.WebHost|Request starting HTTP/1.1 GET http://localhost:52179/  
2018-10-19 20:36:42.0637|INFO|Microsoft.AspNetCore.Hosting.Internal.WebHost|Request starting HTTP/1.1 DEBUG http://localhost:52179/  0
2018-10-19 20:36:42.2888|INFO|Microsoft.AspNetCore.Hosting.Internal.WebHost|Request finished in 292.867ms 200 
2018-10-19 20:36:42.6270|INFO|Microsoft.AspNetCore.Hosting.Internal.WebHost|Request finished in 563.1539ms 200 
2018-10-19 20:36:42.6480|INFO|Microsoft.AspNetCore.Hosting.Internal.WebHost|Request starting HTTP/1.1 GET http://localhost:52179/favicon.ico  
2018-10-19 20:36:42.6825|INFO|Microsoft.AspNetCore.Hosting.Internal.WebHost|Request finished in 28.662ms 200 
2018-10-19 20:52:26.3761|INFO|Microsoft.AspNetCore.Hosting.Internal.WebHost|Request starting HTTP/1.1 GET http://localhost:52179/api/cities  
2018-10-19 20:52:27.5219|INFO|Microsoft.EntityFrameworkCore.Infrastructure|Entity Framework Core 2.1.4-rtm-31024 initialized 'CityInfoContext' using provider 'Microsoft.EntityFrameworkCore.SqlServer' with options: None
2018-10-19 20:52:27.8001|INFO|Microsoft.EntityFrameworkCore.Database.Command|Executed DbCommand (16ms) [Parameters=[], CommandType='Text', CommandTimeout='30']
SELECT OBJECT_ID(N'[__EFMigrationsHistory]');
2018-10-19 20:52:27.8001|INFO|Microsoft.EntityFrameworkCore.Database.Command|Executed DbCommand (1ms) [Parameters=[], CommandType='Text', CommandTimeout='30']
SELECT OBJECT_ID(N'[__EFMigrationsHistory]');
2018-10-19 20:52:27.8531|INFO|Microsoft.EntityFrameworkCore.Database.Command|Executed DbCommand (23ms) [Parameters=[], CommandType='Text', CommandTimeout='30']
SELECT [MigrationId], [ProductVersion]
FROM [__EFMigrationsHistory]
ORDER BY [MigrationId];
2018-10-19 20:52:27.8717|INFO|Microsoft.EntityFrameworkCore.Migrations|No migrations were applied. The database is already up to date.
2018-10-19 20:52:27.9068|INFO|Microsoft.AspNetCore.Mvc.Internal.ControllerActionInvoker|Executing action method CityInfo.API.Controllers.CitiesController.GetCities (CityInfo.API) with arguments ((null)) - ModelState is Valid
2018-10-19 20:52:28.1571|INFO|Microsoft.EntityFrameworkCore.Database.Command|Executed DbCommand (11ms) [Parameters=[], CommandType='Text', CommandTimeout='30']
SELECT [c].[Id], [c].[Description], [c].[Name]
FROM [Cities] AS [c]
ORDER BY [c].[Name]
2018-10-19 20:52:28.3223|INFO|Microsoft.AspNetCore.Mvc.Internal.ObjectResultExecutor|Executing ObjectResult, writing value Microsoft.AspNetCore.Mvc.ControllerContext.
2018-10-19 20:52:28.6225|INFO|Microsoft.AspNetCore.Mvc.Internal.ControllerActionInvoker|Executed action CityInfo.API.Controllers.CitiesController.GetCities (CityInfo.API) in 1090.8685ms
2018-10-19 20:52:28.6617|INFO|Microsoft.AspNetCore.Hosting.Internal.WebHost|Request finished in 2259.897ms 200 application/json; charset=utf-8
2018-10-19 20:53:06.6926|INFO|Microsoft.AspNetCore.Hosting.Internal.WebHost|Request starting HTTP/1.1 GET http://localhost:52179/api/cities  
2018-10-19 20:53:06.7119|INFO|Microsoft.EntityFrameworkCore.Infrastructure|Entity Framework Core 2.1.4-rtm-31024 initialized 'CityInfoContext' using provider 'Microsoft.EntityFrameworkCore.SqlServer' with options: None
2018-10-19 20:53:06.7304|INFO|Microsoft.EntityFrameworkCore.Database.Command|Executed DbCommand (2ms) [Parameters=[], CommandType='Text', CommandTimeout='30']
SELECT OBJECT_ID(N'[__EFMigrationsHistory]');
2018-10-19 20:53:06.7509|INFO|Microsoft.EntityFrameworkCore.Database.Command|Executed DbCommand (2ms) [Parameters=[], CommandType='Text', CommandTimeout='30']
SELECT OBJECT_ID(N'[__EFMigrationsHistory]');
2018-10-19 20:53:06.7699|INFO|Microsoft.EntityFrameworkCore.Database.Command|Executed DbCommand (1ms) [Parameters=[], CommandType='Text', CommandTimeout='30']
SELECT [MigrationId], [ProductVersion]
FROM [__EFMigrationsHistory]
ORDER BY [MigrationId];
2018-10-19 20:53:06.7844|INFO|Microsoft.EntityFrameworkCore.Migrations|No migrations were applied. The database is already up to date.
2018-10-19 20:53:06.8022|INFO|Microsoft.AspNetCore.Mvc.Internal.ControllerActionInvoker|Executing action method CityInfo.API.Controllers.CitiesController.GetCities (CityInfo.API) with arguments ((null)) - ModelState is Valid
2018-10-19 20:53:06.8408|INFO|Microsoft.EntityFrameworkCore.Database.Command|Executed DbCommand (0ms) [Parameters=[], CommandType='Text', CommandTimeout='30']
SELECT [c].[Id], [c].[Description], [c].[Name]
FROM [Cities] AS [c]
ORDER BY [c].[Name]
2018-10-19 20:53:06.8741|INFO|Microsoft.AspNetCore.Mvc.Internal.ObjectResultExecutor|Executing ObjectResult, writing value Microsoft.AspNetCore.Mvc.ControllerContext.
2018-10-19 20:53:06.8888|INFO|Microsoft.AspNetCore.Mvc.Internal.ControllerActionInvoker|Executed action CityInfo.API.Controllers.CitiesController.GetCities (CityInfo.API) in 182.0167ms
2018-10-19 20:53:06.9199|INFO|Microsoft.AspNetCore.Hosting.Internal.WebHost|Request finished in 213.6059ms 200 application/json; charset=utf-8
2018-10-19 20:53:07.0603|INFO|Microsoft.AspNetCore.Hosting.Internal.WebHost|Request starting HTTP/1.1 GET http://localhost:52179/favicon.ico  
2018-10-19 20:53:07.0770|INFO|Microsoft.AspNetCore.Hosting.Internal.WebHost|Request finished in 13.106ms 200 
2018-10-19 20:53:40.3021|INFO|Microsoft.AspNetCore.Hosting.Internal.WebHost|Request starting HTTP/1.1 GET http://localhost:52179/  
2018-10-19 20:53:40.3654|INFO|Microsoft.AspNetCore.Hosting.Internal.WebHost|Request finished in 27.1542ms 200 
2018-10-19 20:53:40.5392|INFO|Microsoft.AspNetCore.Hosting.Internal.WebHost|Request starting HTTP/1.1 GET http://localhost:52179/favicon.ico  
2018-10-19 20:53:40.9256|INFO|Microsoft.AspNetCore.Hosting.Internal.WebHost|Request finished in 15.7485ms 200 
2018-10-19 20:55:59.7963|INFO|Microsoft.EntityFrameworkCore.Database.Command|Executed DbCommand (2ms) [Parameters=[], CommandType='Text', CommandTimeout='30']
SELECT CASE
    WHEN EXISTS (
        SELECT 1
        FROM [Cities] AS [c])
    THEN CAST(1 AS BIT) ELSE CAST(0 AS BIT)
END
2018-10-19 20:56:00.9293|INFO|Microsoft.AspNetCore.Hosting.Internal.WebHost|Request starting HTTP/1.1 GET http://localhost:52179/  
2018-10-19 20:56:00.9995|INFO|Microsoft.AspNetCore.Hosting.Internal.WebHost|Request starting HTTP/1.1 DEBUG http://localhost:52179/  0
2018-10-19 20:56:00.9995|INFO|Microsoft.AspNetCore.Hosting.Internal.WebHost|Request starting HTTP/1.1 GET http://localhost:52179/api/cities  
2018-10-19 20:56:01.1223|INFO|Microsoft.AspNetCore.Hosting.Internal.WebHost|Request finished in 195.0068ms 200 
2018-10-19 20:56:01.6239|INFO|Microsoft.AspNetCore.Hosting.Internal.WebHost|Request finished in 475.3863ms 200 
2018-10-19 20:56:01.6844|INFO|Microsoft.AspNetCore.Hosting.Internal.WebHost|Request starting HTTP/1.1 GET http://localhost:52179/favicon.ico  
2018-10-19 20:56:01.8113|INFO|Microsoft.AspNetCore.Hosting.Internal.WebHost|Request finished in 108.3541ms 200 
2018-10-19 20:56:01.8717|INFO|Microsoft.EntityFrameworkCore.Infrastructure|Entity Framework Core 2.1.4-rtm-31024 initialized 'CityInfoContext' using provider 'Microsoft.EntityFrameworkCore.SqlServer' with options: None
2018-10-19 20:56:01.9975|INFO|Microsoft.EntityFrameworkCore.Database.Command|Executed DbCommand (9ms) [Parameters=[], CommandType='Text', CommandTimeout='30']
SELECT OBJECT_ID(N'[__EFMigrationsHistory]');
2018-10-19 20:56:02.0120|INFO|Microsoft.EntityFrameworkCore.Database.Command|Executed DbCommand (0ms) [Parameters=[], CommandType='Text', CommandTimeout='30']
SELECT OBJECT_ID(N'[__EFMigrationsHistory]');
2018-10-19 20:56:02.0272|INFO|Microsoft.EntityFrameworkCore.Database.Command|Executed DbCommand (0ms) [Parameters=[], CommandType='Text', CommandTimeout='30']
SELECT [MigrationId], [ProductVersion]
FROM [__EFMigrationsHistory]
ORDER BY [MigrationId];
2018-10-19 20:56:02.0598|INFO|Microsoft.EntityFrameworkCore.Migrations|No migrations were applied. The database is already up to date.
2018-10-19 20:56:03.0369|INFO|Microsoft.AspNetCore.Mvc.Internal.ControllerActionInvoker|Executing action method CityInfo.API.Controllers.CitiesController.GetCities (CityInfo.API) with arguments ((null)) - ModelState is Valid
2018-10-19 20:56:03.2319|INFO|Microsoft.EntityFrameworkCore.Database.Command|Executed DbCommand (1ms) [Parameters=[], CommandType='Text', CommandTimeout='30']
SELECT [c].[Id], [c].[Description], [c].[Name]
FROM [Cities] AS [c]
ORDER BY [c].[Name]
2018-10-19 20:56:03.4074|INFO|Microsoft.AspNetCore.Mvc.Internal.ObjectResultExecutor|Executing ObjectResult, writing value Microsoft.AspNetCore.Mvc.ControllerContext.
2018-10-19 20:56:03.5282|INFO|Microsoft.AspNetCore.Mvc.Internal.ControllerActionInvoker|Executed action CityInfo.API.Controllers.CitiesController.GetCities (CityInfo.API) in 1815.6386ms
2018-10-19 20:56:03.5413|INFO|Microsoft.AspNetCore.Hosting.Internal.WebHost|Request finished in 2690.5578ms 200 application/json; charset=utf-8
2018-10-19 20:56:34.9899|INFO|Microsoft.AspNetCore.Hosting.Internal.WebHost|Request starting HTTP/1.1 GET http://localhost:52179/api/cities  
2018-10-19 20:56:35.0606|INFO|Microsoft.EntityFrameworkCore.Infrastructure|Entity Framework Core 2.1.4-rtm-31024 initialized 'CityInfoContext' using provider 'Microsoft.EntityFrameworkCore.SqlServer' with options: None
2018-10-19 20:56:35.1107|INFO|Microsoft.EntityFrameworkCore.Database.Command|Executed DbCommand (2ms) [Parameters=[], CommandType='Text', CommandTimeout='30']
SELECT OBJECT_ID(N'[__EFMigrationsHistory]');
2018-10-19 20:56:35.1440|INFO|Microsoft.EntityFrameworkCore.Database.Command|Executed DbCommand (8ms) [Parameters=[], CommandType='Text', CommandTimeout='30']
SELECT OBJECT_ID(N'[__EFMigrationsHistory]');
2018-10-19 20:56:35.1680|INFO|Microsoft.EntityFrameworkCore.Database.Command|Executed DbCommand (1ms) [Parameters=[], CommandType='Text', CommandTimeout='30']
SELECT [MigrationId], [ProductVersion]
FROM [__EFMigrationsHistory]
ORDER BY [MigrationId];
2018-10-19 20:56:35.1841|INFO|Microsoft.EntityFrameworkCore.Migrations|No migrations were applied. The database is already up to date.
2018-10-19 20:56:35.1982|INFO|Microsoft.AspNetCore.Mvc.Internal.ControllerActionInvoker|Executing action method CityInfo.API.Controllers.CitiesController.GetCities (CityInfo.API) with arguments ((null)) - ModelState is Valid
2018-10-19 20:56:35.2350|INFO|Microsoft.EntityFrameworkCore.Database.Command|Executed DbCommand (2ms) [Parameters=[], CommandType='Text', CommandTimeout='30']
SELECT [c].[Id], [c].[Description], [c].[Name]
FROM [Cities] AS [c]
ORDER BY [c].[Name]
2018-10-19 20:56:35.2602|INFO|Microsoft.AspNetCore.Mvc.Internal.ObjectResultExecutor|Executing ObjectResult, writing value Microsoft.AspNetCore.Mvc.ControllerContext.
2018-10-19 20:56:35.2931|INFO|Microsoft.AspNetCore.Mvc.Internal.ControllerActionInvoker|Executed action CityInfo.API.Controllers.CitiesController.GetCities (CityInfo.API) in 269.844ms
2018-10-19 20:56:35.3274|INFO|Microsoft.AspNetCore.Hosting.Internal.WebHost|Request finished in 605.4274ms 200 application/json; charset=utf-8
2018-10-19 21:10:15.8332|INFO|Microsoft.EntityFrameworkCore.Database.Command|Executed DbCommand (19ms) [Parameters=[], CommandType='Text', CommandTimeout='30']
SELECT CASE
    WHEN EXISTS (
        SELECT 1
        FROM [Cities] AS [c])
    THEN CAST(1 AS BIT) ELSE CAST(0 AS BIT)
END
2018-10-19 21:10:16.9996|INFO|Microsoft.AspNetCore.Hosting.Internal.WebHost|Request starting HTTP/1.1 GET http://localhost:52179/  
2018-10-19 21:10:17.5426|INFO|Microsoft.AspNetCore.Hosting.Internal.WebHost|Request starting HTTP/1.1 DEBUG http://localhost:52179/  0
2018-10-19 21:10:17.6988|INFO|Microsoft.AspNetCore.Hosting.Internal.WebHost|Request finished in 766.9162ms 200 
2018-10-19 21:10:17.9970|INFO|Microsoft.AspNetCore.Hosting.Internal.WebHost|Request finished in 925.8341ms 200 
2018-10-19 21:10:18.0459|INFO|Microsoft.AspNetCore.Hosting.Internal.WebHost|Request starting HTTP/1.1 GET http://localhost:52179/favicon.ico  
2018-10-19 21:10:18.0974|INFO|Microsoft.AspNetCore.Hosting.Internal.WebHost|Request finished in 72.2299ms 200 
2018-10-19 21:10:34.3566|INFO|Microsoft.AspNetCore.Hosting.Internal.WebHost|Request starting HTTP/1.1 GET http://localhost:52179/api/cities  
2018-10-19 21:10:34.5346|INFO|Microsoft.EntityFrameworkCore.Infrastructure|Entity Framework Core 2.1.4-rtm-31024 initialized 'CityInfoContext' using provider 'Microsoft.EntityFrameworkCore.SqlServer' with options: None
2018-10-19 21:10:34.6251|INFO|Microsoft.EntityFrameworkCore.Database.Command|Executed DbCommand (32ms) [Parameters=[], CommandType='Text', CommandTimeout='30']
SELECT OBJECT_ID(N'[__EFMigrationsHistory]');
2018-10-19 21:10:34.6577|INFO|Microsoft.EntityFrameworkCore.Database.Command|Executed DbCommand (2ms) [Parameters=[], CommandType='Text', CommandTimeout='30']
SELECT OBJECT_ID(N'[__EFMigrationsHistory]');
2018-10-19 21:10:34.7121|INFO|Microsoft.EntityFrameworkCore.Database.Command|Executed DbCommand (0ms) [Parameters=[], CommandType='Text', CommandTimeout='30']
SELECT [MigrationId], [ProductVersion]
FROM [__EFMigrationsHistory]
ORDER BY [MigrationId];
2018-10-19 21:10:34.7430|INFO|Microsoft.EntityFrameworkCore.Migrations|No migrations were applied. The database is already up to date.
2018-10-19 21:10:34.7891|INFO|Microsoft.AspNetCore.Mvc.Internal.ControllerActionInvoker|Executing action method CityInfo.API.Controllers.CitiesController.GetCities (CityInfo.API) with arguments ((null)) - ModelState is Valid
2018-10-19 21:10:34.9558|INFO|Microsoft.EntityFrameworkCore.Database.Command|Executed DbCommand (1ms) [Parameters=[], CommandType='Text', CommandTimeout='30']
SELECT [c].[Id], [c].[Description], [c].[Name]
FROM [Cities] AS [c]
ORDER BY [c].[Name]
2018-10-19 21:10:35.1191|INFO|Microsoft.AspNetCore.Mvc.Internal.ObjectResultExecutor|Executing ObjectResult, writing value Microsoft.AspNetCore.Mvc.ControllerContext.
2018-10-19 21:10:35.1931|INFO|Microsoft.AspNetCore.Mvc.Internal.ControllerActionInvoker|Executed action CityInfo.API.Controllers.CitiesController.GetCities (CityInfo.API) in 672.1678ms
2018-10-19 21:10:35.2227|INFO|Microsoft.AspNetCore.Hosting.Internal.WebHost|Request finished in 849.3604ms 200 application/json; charset=utf-8
2018-10-19 21:12:43.0869|INFO|Microsoft.EntityFrameworkCore.Database.Command|Executed DbCommand (2ms) [Parameters=[], CommandType='Text', CommandTimeout='30']
SELECT CASE
    WHEN EXISTS (
        SELECT 1
        FROM [Cities] AS [c])
    THEN CAST(1 AS BIT) ELSE CAST(0 AS BIT)
END
2018-10-19 21:12:44.3675|INFO|Microsoft.AspNetCore.Hosting.Internal.WebHost|Request starting HTTP/1.1 GET http://localhost:52179/  
2018-10-19 21:12:44.4025|INFO|Microsoft.AspNetCore.Hosting.Internal.WebHost|Request starting HTTP/1.1 DEBUG http://localhost:52179/  0
2018-10-19 21:12:44.5411|INFO|Microsoft.AspNetCore.Hosting.Internal.WebHost|Request finished in 172.91ms 200 
2018-10-19 21:12:44.9164|INFO|Microsoft.AspNetCore.Hosting.Internal.WebHost|Request finished in 441.0576ms 200 
2018-10-19 21:12:45.0007|INFO|Microsoft.AspNetCore.Hosting.Internal.WebHost|Request starting HTTP/1.1 GET http://localhost:52179/favicon.ico  
2018-10-19 21:12:45.0486|INFO|Microsoft.AspNetCore.Hosting.Internal.WebHost|Request finished in 127.0685ms 200 
2018-10-19 21:12:51.7516|INFO|Microsoft.AspNetCore.Hosting.Internal.WebHost|Request starting HTTP/1.1 GET http://localhost:52179/api/cities  
2018-10-19 21:12:51.9220|INFO|Microsoft.EntityFrameworkCore.Infrastructure|Entity Framework Core 2.1.4-rtm-31024 initialized 'CityInfoContext' using provider 'Microsoft.EntityFrameworkCore.SqlServer' with options: None
2018-10-19 21:12:51.9392|INFO|Microsoft.EntityFrameworkCore.Database.Command|Executed DbCommand (1ms) [Parameters=[], CommandType='Text', CommandTimeout='30']
SELECT OBJECT_ID(N'[__EFMigrationsHistory]');
2018-10-19 21:12:52.0104|INFO|Microsoft.EntityFrameworkCore.Database.Command|Executed DbCommand (25ms) [Parameters=[], CommandType='Text', CommandTimeout='30']
SELECT OBJECT_ID(N'[__EFMigrationsHistory]');
2018-10-19 21:12:52.0450|INFO|Microsoft.EntityFrameworkCore.Database.Command|Executed DbCommand (0ms) [Parameters=[], CommandType='Text', CommandTimeout='30']
SELECT [MigrationId], [ProductVersion]
FROM [__EFMigrationsHistory]
ORDER BY [MigrationId];
2018-10-19 21:12:52.0603|INFO|Microsoft.EntityFrameworkCore.Migrations|No migrations were applied. The database is already up to date.
2018-10-19 21:12:52.1188|INFO|Microsoft.AspNetCore.Mvc.Internal.ControllerActionInvoker|Executing action method CityInfo.API.Controllers.CitiesController.GetCities (CityInfo.API) with arguments ((null)) - ModelState is Valid
2018-10-19 21:12:52.2311|INFO|Microsoft.EntityFrameworkCore.Database.Command|Executed DbCommand (1ms) [Parameters=[], CommandType='Text', CommandTimeout='30']
SELECT [c].[Id], [c].[Description], [c].[Name]
FROM [Cities] AS [c]
ORDER BY [c].[Name]
2018-10-19 21:12:52.3476|INFO|Microsoft.AspNetCore.Mvc.Internal.ObjectResultExecutor|Executing ObjectResult, writing value Microsoft.AspNetCore.Mvc.ControllerContext.
2018-10-19 21:12:52.4219|INFO|Microsoft.AspNetCore.Mvc.Internal.ControllerActionInvoker|Executed action CityInfo.API.Controllers.CitiesController.GetCities (CityInfo.API) in 514.027ms
2018-10-19 21:12:52.4422|INFO|Microsoft.AspNetCore.Hosting.Internal.WebHost|Request finished in 692.6248ms 200 application/json; charset=utf-8
2018-10-19 21:12:59.9204|INFO|Microsoft.AspNetCore.Hosting.Internal.WebHost|Request starting HTTP/1.1 GET http://localhost:52179/api/cities  
2018-10-19 21:12:59.9843|INFO|Microsoft.EntityFrameworkCore.Infrastructure|Entity Framework Core 2.1.4-rtm-31024 initialized 'CityInfoContext' using provider 'Microsoft.EntityFrameworkCore.SqlServer' with options: None
2018-10-19 21:13:00.0507|INFO|Microsoft.EntityFrameworkCore.Database.Command|Executed DbCommand (7ms) [Parameters=[], CommandType='Text', CommandTimeout='30']
SELECT OBJECT_ID(N'[__EFMigrationsHistory]');
2018-10-19 21:13:00.0507|INFO|Microsoft.EntityFrameworkCore.Database.Command|Executed DbCommand (0ms) [Parameters=[], CommandType='Text', CommandTimeout='30']
SELECT OBJECT_ID(N'[__EFMigrationsHistory]');
2018-10-19 21:13:00.0799|INFO|Microsoft.EntityFrameworkCore.Database.Command|Executed DbCommand (0ms) [Parameters=[], CommandType='Text', CommandTimeout='30']
SELECT [MigrationId], [ProductVersion]
FROM [__EFMigrationsHistory]
ORDER BY [MigrationId];
2018-10-19 21:13:00.1116|INFO|Microsoft.EntityFrameworkCore.Migrations|No migrations were applied. The database is already up to date.
2018-10-19 21:13:00.1405|INFO|Microsoft.AspNetCore.Mvc.Internal.ControllerActionInvoker|Executing action method CityInfo.API.Controllers.CitiesController.GetCities (CityInfo.API) with arguments ((null)) - ModelState is Valid
2018-10-19 21:13:00.1752|INFO|Microsoft.EntityFrameworkCore.Database.Command|Executed DbCommand (0ms) [Parameters=[], CommandType='Text', CommandTimeout='30']
SELECT [c].[Id], [c].[Description], [c].[Name]
FROM [Cities] AS [c]
ORDER BY [c].[Name]
2018-10-19 21:13:00.2256|INFO|Microsoft.AspNetCore.Mvc.Internal.ObjectResultExecutor|Executing ObjectResult, writing value Microsoft.AspNetCore.Mvc.ControllerContext.
2018-10-19 21:13:00.2386|INFO|Microsoft.AspNetCore.Mvc.Internal.ControllerActionInvoker|Executed action CityInfo.API.Controllers.CitiesController.GetCities (CityInfo.API) in 304.8468ms
2018-10-19 21:13:00.2386|INFO|Microsoft.AspNetCore.Hosting.Internal.WebHost|Request finished in 336.1507ms 200 application/json; charset=utf-8
2018-10-19 21:13:02.5372|INFO|Microsoft.AspNetCore.Hosting.Internal.WebHost|Request starting HTTP/1.1 GET http://localhost:52179/api/cities  
2018-10-19 21:13:02.5565|INFO|Microsoft.EntityFrameworkCore.Infrastructure|Entity Framework Core 2.1.4-rtm-31024 initialized 'CityInfoContext' using provider 'Microsoft.EntityFrameworkCore.SqlServer' with options: None
2018-10-19 21:13:02.6041|INFO|Microsoft.EntityFrameworkCore.Database.Command|Executed DbCommand (8ms) [Parameters=[], CommandType='Text', CommandTimeout='30']
SELECT OBJECT_ID(N'[__EFMigrationsHistory]');
2018-10-19 21:13:02.6355|INFO|Microsoft.EntityFrameworkCore.Database.Command|Executed DbCommand (1ms) [Parameters=[], CommandType='Text', CommandTimeout='30']
SELECT OBJECT_ID(N'[__EFMigrationsHistory]');
2018-10-19 21:13:02.6497|INFO|Microsoft.EntityFrameworkCore.Database.Command|Executed DbCommand (1ms) [Parameters=[], CommandType='Text', CommandTimeout='30']
SELECT [MigrationId], [ProductVersion]
FROM [__EFMigrationsHistory]
ORDER BY [MigrationId];
2018-10-19 21:13:02.6793|INFO|Microsoft.EntityFrameworkCore.Migrations|No migrations were applied. The database is already up to date.
2018-10-19 21:13:02.7139|INFO|Microsoft.AspNetCore.Mvc.Internal.ControllerActionInvoker|Executing action method CityInfo.API.Controllers.CitiesController.GetCities (CityInfo.API) with arguments ((null)) - ModelState is Valid
2018-10-19 21:13:02.7352|INFO|Microsoft.EntityFrameworkCore.Database.Command|Executed DbCommand (2ms) [Parameters=[], CommandType='Text', CommandTimeout='30']
SELECT [c].[Id], [c].[Description], [c].[Name]
FROM [Cities] AS [c]
ORDER BY [c].[Name]
2018-10-19 21:13:02.7463|INFO|Microsoft.AspNetCore.Mvc.Internal.ObjectResultExecutor|Executing ObjectResult, writing value Microsoft.AspNetCore.Mvc.ControllerContext.
2018-10-19 21:13:02.7689|INFO|Microsoft.AspNetCore.Mvc.Internal.ControllerActionInvoker|Executed action CityInfo.API.Controllers.CitiesController.GetCities (CityInfo.API) in 211.1869ms
2018-10-19 21:13:02.7848|INFO|Microsoft.AspNetCore.Hosting.Internal.WebHost|Request finished in 269.2294ms 200 application/json; charset=utf-8
2018-10-19 21:17:19.7435|INFO|Microsoft.EntityFrameworkCore.Database.Command|Executed DbCommand (2ms) [Parameters=[], CommandType='Text', CommandTimeout='30']
SELECT CASE
    WHEN EXISTS (
        SELECT 1
        FROM [Cities] AS [c])
    THEN CAST(1 AS BIT) ELSE CAST(0 AS BIT)
END
2018-10-19 21:17:29.6336|INFO|Microsoft.EntityFrameworkCore.Database.Command|Executed DbCommand (10ms) [Parameters=[], CommandType='Text', CommandTimeout='30']
SELECT CASE
    WHEN EXISTS (
        SELECT 1
        FROM [Cities] AS [c])
    THEN CAST(1 AS BIT) ELSE CAST(0 AS BIT)
END
2018-10-19 21:17:30.7563|INFO|Microsoft.AspNetCore.Hosting.Internal.WebHost|Request starting HTTP/1.1 DEBUG http://localhost:52179/  0
2018-10-19 21:17:30.7721|INFO|Microsoft.AspNetCore.Hosting.Internal.WebHost|Request starting HTTP/1.1 GET http://localhost:52179/  
2018-10-19 21:17:30.8518|INFO|Microsoft.AspNetCore.Hosting.Internal.WebHost|Request finished in 170.0309ms 200 
2018-10-19 21:17:31.1792|INFO|Microsoft.AspNetCore.Hosting.Internal.WebHost|Request finished in 359.4304ms 200 
2018-10-19 21:17:31.2248|INFO|Microsoft.AspNetCore.Hosting.Internal.WebHost|Request starting HTTP/1.1 GET http://localhost:52179/favicon.ico  
2018-10-19 21:17:31.2617|INFO|Microsoft.AspNetCore.Hosting.Internal.WebHost|Request finished in 52.9785ms 200 
2018-10-19 21:17:37.8740|INFO|Microsoft.AspNetCore.Hosting.Internal.WebHost|Request starting HTTP/1.1 GET http://localhost:52179/api/cities  
2018-10-19 21:17:38.0870|INFO|Microsoft.EntityFrameworkCore.Infrastructure|Entity Framework Core 2.1.4-rtm-31024 initialized 'CityInfoContext' using provider 'Microsoft.EntityFrameworkCore.SqlServer' with options: None
2018-10-19 21:17:38.3211|INFO|Microsoft.EntityFrameworkCore.Database.Command|Executed DbCommand (10ms) [Parameters=[], CommandType='Text', CommandTimeout='30']
SELECT OBJECT_ID(N'[__EFMigrationsHistory]');
2018-10-19 21:17:38.3635|INFO|Microsoft.EntityFrameworkCore.Database.Command|Executed DbCommand (2ms) [Parameters=[], CommandType='Text', CommandTimeout='30']
SELECT OBJECT_ID(N'[__EFMigrationsHistory]');
2018-10-19 21:17:38.3948|INFO|Microsoft.EntityFrameworkCore.Database.Command|Executed DbCommand (3ms) [Parameters=[], CommandType='Text', CommandTimeout='30']
SELECT [MigrationId], [ProductVersion]
FROM [__EFMigrationsHistory]
ORDER BY [MigrationId];
2018-10-19 21:17:38.4660|INFO|Microsoft.EntityFrameworkCore.Migrations|No migrations were applied. The database is already up to date.
2018-10-19 21:17:38.4981|INFO|Microsoft.AspNetCore.Mvc.Internal.ControllerActionInvoker|Executing action method CityInfo.API.Controllers.CitiesController.GetCities (CityInfo.API) with arguments ((null)) - ModelState is Valid
2018-10-19 21:17:38.6528|INFO|Microsoft.EntityFrameworkCore.Database.Command|Executed DbCommand (1ms) [Parameters=[], CommandType='Text', CommandTimeout='30']
SELECT [c].[Id], [c].[Description], [c].[Name]
FROM [Cities] AS [c]
ORDER BY [c].[Name]
2018-10-19 21:17:38.8287|INFO|Microsoft.AspNetCore.Mvc.Internal.ObjectResultExecutor|Executing ObjectResult, writing value Microsoft.AspNetCore.Mvc.ControllerContext.
2018-10-19 21:17:38.9352|INFO|Microsoft.AspNetCore.Mvc.Internal.ControllerActionInvoker|Executed action CityInfo.API.Controllers.CitiesController.GetCities (CityInfo.API) in 898.6851ms
2018-10-19 21:17:38.9498|INFO|Microsoft.AspNetCore.Hosting.Internal.WebHost|Request finished in 1104.4051ms 200 application/json; charset=utf-8
2018-10-19 21:19:08.8052|INFO|Microsoft.EntityFrameworkCore.Database.Command|Executed DbCommand (2ms) [Parameters=[], CommandType='Text', CommandTimeout='30']
SELECT CASE
    WHEN EXISTS (
        SELECT 1
        FROM [Cities] AS [c])
    THEN CAST(1 AS BIT) ELSE CAST(0 AS BIT)
END
2018-10-19 21:19:10.0301|INFO|Microsoft.AspNetCore.Hosting.Internal.WebHost|Request starting HTTP/1.1 GET http://localhost:52179/  
2018-10-19 21:19:10.0559|INFO|Microsoft.AspNetCore.Hosting.Internal.WebHost|Request starting HTTP/1.1 DEBUG http://localhost:52179/  0
2018-10-19 21:19:10.2879|INFO|Microsoft.AspNetCore.Hosting.Internal.WebHost|Request finished in 190.7849ms 200 
2018-10-19 21:19:10.4671|INFO|Microsoft.AspNetCore.Hosting.Internal.WebHost|Request finished in 469.6679ms 200 
2018-10-19 21:19:10.5818|INFO|Microsoft.AspNetCore.Hosting.Internal.WebHost|Request starting HTTP/1.1 GET http://localhost:52179/favicon.ico  
2018-10-19 21:19:10.6137|INFO|Microsoft.AspNetCore.Hosting.Internal.WebHost|Request finished in 53.0874ms 200 
2018-10-19 21:19:14.5647|INFO|Microsoft.AspNetCore.Hosting.Internal.WebHost|Request starting HTTP/1.1 GET http://localhost:52179/api/cities  
2018-10-19 21:19:14.6613|INFO|Microsoft.AspNetCore.Cors.Infrastructure.CorsService|Policy execution failed.
2018-10-19 21:19:14.7012|INFO|Microsoft.AspNetCore.Cors.Infrastructure.CorsService|Request origin http://localhost:3000 does not have permission to access the resource.
2018-10-19 21:19:14.7289|INFO|Microsoft.EntityFrameworkCore.Infrastructure|Entity Framework Core 2.1.4-rtm-31024 initialized 'CityInfoContext' using provider 'Microsoft.EntityFrameworkCore.SqlServer' with options: None
2018-10-19 21:19:14.8924|INFO|Microsoft.EntityFrameworkCore.Database.Command|Executed DbCommand (37ms) [Parameters=[], CommandType='Text', CommandTimeout='30']
SELECT OBJECT_ID(N'[__EFMigrationsHistory]');
2018-10-19 21:19:14.9135|INFO|Microsoft.EntityFrameworkCore.Database.Command|Executed DbCommand (2ms) [Parameters=[], CommandType='Text', CommandTimeout='30']
SELECT OBJECT_ID(N'[__EFMigrationsHistory]');
2018-10-19 21:19:14.9389|INFO|Microsoft.EntityFrameworkCore.Database.Command|Executed DbCommand (1ms) [Parameters=[], CommandType='Text', CommandTimeout='30']
SELECT [MigrationId], [ProductVersion]
FROM [__EFMigrationsHistory]
ORDER BY [MigrationId];
2018-10-19 21:19:14.9599|INFO|Microsoft.EntityFrameworkCore.Migrations|No migrations were applied. The database is already up to date.
2018-10-19 21:19:14.9904|INFO|Microsoft.AspNetCore.Mvc.Internal.ControllerActionInvoker|Executing action method CityInfo.API.Controllers.CitiesController.GetCities (CityInfo.API) with arguments ((null)) - ModelState is Valid
2018-10-19 21:19:15.1600|INFO|Microsoft.EntityFrameworkCore.Database.Command|Executed DbCommand (1ms) [Parameters=[], CommandType='Text', CommandTimeout='30']
SELECT [c].[Id], [c].[Description], [c].[Name]
FROM [Cities] AS [c]
ORDER BY [c].[Name]
2018-10-19 21:19:15.2930|INFO|Microsoft.AspNetCore.Mvc.Internal.ObjectResultExecutor|Executing ObjectResult, writing value Microsoft.AspNetCore.Mvc.ControllerContext.
2018-10-19 21:19:15.4137|INFO|Microsoft.AspNetCore.Mvc.Internal.ControllerActionInvoker|Executed action CityInfo.API.Controllers.CitiesController.GetCities (CityInfo.API) in 723.7926ms
2018-10-19 21:19:15.4635|INFO|Microsoft.AspNetCore.Hosting.Internal.WebHost|Request finished in 983.6537ms 200 application/json; charset=utf-8
2018-10-19 21:21:18.3253|INFO|Microsoft.EntityFrameworkCore.Database.Command|Executed DbCommand (10ms) [Parameters=[], CommandType='Text', CommandTimeout='30']
SELECT CASE
    WHEN EXISTS (
        SELECT 1
        FROM [Cities] AS [c])
    THEN CAST(1 AS BIT) ELSE CAST(0 AS BIT)
END
2018-10-19 21:21:19.7889|INFO|Microsoft.AspNetCore.Hosting.Internal.WebHost|Request starting HTTP/1.1 DEBUG http://localhost:52179/  0
2018-10-19 21:21:19.7889|INFO|Microsoft.AspNetCore.Hosting.Internal.WebHost|Request starting HTTP/1.1 GET http://localhost:52179/  
2018-10-19 21:21:19.9250|INFO|Microsoft.AspNetCore.Hosting.Internal.WebHost|Request finished in 182.5488ms 200 
2018-10-19 21:21:20.2253|INFO|Microsoft.AspNetCore.Hosting.Internal.WebHost|Request finished in 382.8244ms 200 
2018-10-19 21:21:20.2707|INFO|Microsoft.AspNetCore.Hosting.Internal.WebHost|Request starting HTTP/1.1 GET http://localhost:52179/favicon.ico  
2018-10-19 21:21:20.3113|INFO|Microsoft.AspNetCore.Hosting.Internal.WebHost|Request finished in 101.2256ms 200 
2018-10-19 21:21:24.3439|INFO|Microsoft.AspNetCore.Hosting.Internal.WebHost|Request starting HTTP/1.1 GET http://localhost:52179/api/cities  
2018-10-19 21:21:24.7304|INFO|Microsoft.AspNetCore.Cors.Infrastructure.CorsService|Policy execution failed.
2018-10-19 21:21:24.7622|INFO|Microsoft.AspNetCore.Cors.Infrastructure.CorsService|Request origin http://localhost:3000 does not have permission to access the resource.
2018-10-19 21:21:24.8648|INFO|Microsoft.AspNetCore.Cors.Infrastructure.CorsService|Policy execution failed.
2018-10-19 21:21:24.8835|INFO|Microsoft.AspNetCore.Cors.Infrastructure.CorsService|Request origin http://localhost:3000 does not have permission to access the resource.
2018-10-19 21:21:25.0258|INFO|Microsoft.EntityFrameworkCore.Infrastructure|Entity Framework Core 2.1.4-rtm-31024 initialized 'CityInfoContext' using provider 'Microsoft.EntityFrameworkCore.SqlServer' with options: None
2018-10-19 21:21:25.0981|INFO|Microsoft.EntityFrameworkCore.Database.Command|Executed DbCommand (6ms) [Parameters=[], CommandType='Text', CommandTimeout='30']
SELECT OBJECT_ID(N'[__EFMigrationsHistory]');
2018-10-19 21:21:25.1140|INFO|Microsoft.EntityFrameworkCore.Database.Command|Executed DbCommand (0ms) [Parameters=[], CommandType='Text', CommandTimeout='30']
SELECT OBJECT_ID(N'[__EFMigrationsHistory]');
2018-10-19 21:21:25.1412|INFO|Microsoft.EntityFrameworkCore.Database.Command|Executed DbCommand (8ms) [Parameters=[], CommandType='Text', CommandTimeout='30']
SELECT [MigrationId], [ProductVersion]
FROM [__EFMigrationsHistory]
ORDER BY [MigrationId];
2018-10-19 21:21:25.1673|INFO|Microsoft.EntityFrameworkCore.Migrations|No migrations were applied. The database is already up to date.
2018-10-19 21:21:25.2026|INFO|Microsoft.AspNetCore.Mvc.Internal.ControllerActionInvoker|Executing action method CityInfo.API.Controllers.CitiesController.GetCities (CityInfo.API) with arguments ((null)) - ModelState is Valid
2018-10-19 21:21:25.3853|INFO|Microsoft.EntityFrameworkCore.Database.Command|Executed DbCommand (1ms) [Parameters=[], CommandType='Text', CommandTimeout='30']
SELECT [c].[Id], [c].[Description], [c].[Name]
FROM [Cities] AS [c]
ORDER BY [c].[Name]
2018-10-19 21:21:25.5353|INFO|Microsoft.AspNetCore.Mvc.Internal.ObjectResultExecutor|Executing ObjectResult, writing value Microsoft.AspNetCore.Mvc.ControllerContext.
2018-10-19 21:21:25.6574|INFO|Microsoft.AspNetCore.Mvc.Internal.ControllerActionInvoker|Executed action CityInfo.API.Controllers.CitiesController.GetCities (CityInfo.API) in 786.1179ms
2018-10-19 21:21:25.6705|INFO|Microsoft.AspNetCore.Hosting.Internal.WebHost|Request finished in 1331.6852ms 200 application/json; charset=utf-8
2018-10-19 21:23:59.3554|INFO|Microsoft.EntityFrameworkCore.Database.Command|Executed DbCommand (613ms) [Parameters=[], CommandType='Text', CommandTimeout='30']
SELECT CASE
    WHEN EXISTS (
        SELECT 1
        FROM [Cities] AS [c])
    THEN CAST(1 AS BIT) ELSE CAST(0 AS BIT)
END
2018-10-19 21:24:00.4402|INFO|Microsoft.AspNetCore.Hosting.Internal.WebHost|Request starting HTTP/1.1 GET http://localhost:52179/  
2018-10-19 21:24:00.4560|INFO|Microsoft.AspNetCore.Hosting.Internal.WebHost|Request starting HTTP/1.1 DEBUG http://localhost:52179/  0
2018-10-19 21:24:00.5093|INFO|Microsoft.AspNetCore.Hosting.Internal.WebHost|Request finished in 132.6166ms 200 
2018-10-19 21:24:01.0299|INFO|Microsoft.AspNetCore.Hosting.Internal.WebHost|Request finished in 331.2394ms 200 
2018-10-19 21:24:01.0907|INFO|Microsoft.AspNetCore.Hosting.Internal.WebHost|Request starting HTTP/1.1 GET http://localhost:52179/favicon.ico  
2018-10-19 21:24:01.1295|INFO|Microsoft.AspNetCore.Hosting.Internal.WebHost|Request finished in 180.906ms 200 
2018-10-19 21:24:10.1414|INFO|Microsoft.AspNetCore.Hosting.Internal.WebHost|Request starting HTTP/1.1 GET http://localhost:52179/api/cities  
2018-10-19 21:24:10.1921|INFO|Microsoft.AspNetCore.Cors.Infrastructure.CorsService|Policy execution successful.
2018-10-19 21:24:10.3238|INFO|Microsoft.AspNetCore.Cors.Infrastructure.CorsService|Policy execution successful.
2018-10-19 21:24:10.3487|INFO|Microsoft.EntityFrameworkCore.Infrastructure|Entity Framework Core 2.1.4-rtm-31024 initialized 'CityInfoContext' using provider 'Microsoft.EntityFrameworkCore.SqlServer' with options: None
2018-10-19 21:24:10.4193|INFO|Microsoft.EntityFrameworkCore.Database.Command|Executed DbCommand (35ms) [Parameters=[], CommandType='Text', CommandTimeout='30']
SELECT OBJECT_ID(N'[__EFMigrationsHistory]');
2018-10-19 21:24:10.4315|INFO|Microsoft.EntityFrameworkCore.Database.Command|Executed DbCommand (1ms) [Parameters=[], CommandType='Text', CommandTimeout='30']
SELECT OBJECT_ID(N'[__EFMigrationsHistory]');
2018-10-19 21:24:10.4452|INFO|Microsoft.EntityFrameworkCore.Database.Command|Executed DbCommand (1ms) [Parameters=[], CommandType='Text', CommandTimeout='30']
SELECT [MigrationId], [ProductVersion]
FROM [__EFMigrationsHistory]
ORDER BY [MigrationId];
2018-10-19 21:24:10.4452|INFO|Microsoft.EntityFrameworkCore.Migrations|No migrations were applied. The database is already up to date.
2018-10-19 21:24:10.4767|INFO|Microsoft.AspNetCore.Mvc.Internal.ControllerActionInvoker|Executing action method CityInfo.API.Controllers.CitiesController.GetCities (CityInfo.API) with arguments ((null)) - ModelState is Valid
2018-10-19 21:24:10.6285|INFO|Microsoft.EntityFrameworkCore.Database.Command|Executed DbCommand (2ms) [Parameters=[], CommandType='Text', CommandTimeout='30']
SELECT [c].[Id], [c].[Description], [c].[Name]
FROM [Cities] AS [c]
ORDER BY [c].[Name]
2018-10-19 21:24:10.7810|INFO|Microsoft.AspNetCore.Mvc.Internal.ObjectResultExecutor|Executing ObjectResult, writing value Microsoft.AspNetCore.Mvc.ControllerContext.
2018-10-19 21:24:10.8907|INFO|Microsoft.AspNetCore.Mvc.Internal.ControllerActionInvoker|Executed action CityInfo.API.Controllers.CitiesController.GetCities (CityInfo.API) in 527.5911ms
2018-10-19 21:24:10.9199|INFO|Microsoft.AspNetCore.Hosting.Internal.WebHost|Request finished in 768.5146ms 200 application/json; charset=utf-8
2018-10-19 21:26:59.3780|INFO|Microsoft.AspNetCore.Hosting.Internal.WebHost|Request starting HTTP/1.1 GET http://localhost:52179/api/cities  
2018-10-19 21:26:59.5792|INFO|Microsoft.AspNetCore.Cors.Infrastructure.CorsService|Policy execution successful.
2018-10-19 21:26:59.6115|INFO|Microsoft.AspNetCore.Cors.Infrastructure.CorsService|Policy execution successful.
2018-10-19 21:26:59.6550|INFO|Microsoft.EntityFrameworkCore.Infrastructure|Entity Framework Core 2.1.4-rtm-31024 initialized 'CityInfoContext' using provider 'Microsoft.EntityFrameworkCore.SqlServer' with options: None
2018-10-19 21:26:59.6875|INFO|Microsoft.EntityFrameworkCore.Database.Command|Executed DbCommand (1ms) [Parameters=[], CommandType='Text', CommandTimeout='30']
SELECT OBJECT_ID(N'[__EFMigrationsHistory]');
2018-10-19 21:26:59.7388|INFO|Microsoft.EntityFrameworkCore.Database.Command|Executed DbCommand (0ms) [Parameters=[], CommandType='Text', CommandTimeout='30']
SELECT OBJECT_ID(N'[__EFMigrationsHistory]');
2018-10-19 21:26:59.7722|INFO|Microsoft.EntityFrameworkCore.Database.Command|Executed DbCommand (1ms) [Parameters=[], CommandType='Text', CommandTimeout='30']
SELECT [MigrationId], [ProductVersion]
FROM [__EFMigrationsHistory]
ORDER BY [MigrationId];
2018-10-19 21:26:59.7722|INFO|Microsoft.EntityFrameworkCore.Migrations|No migrations were applied. The database is already up to date.
2018-10-19 21:26:59.7913|INFO|Microsoft.AspNetCore.Mvc.Internal.ControllerActionInvoker|Executing action method CityInfo.API.Controllers.CitiesController.GetCities (CityInfo.API) with arguments ((null)) - ModelState is Valid
2018-10-19 21:26:59.8288|INFO|Microsoft.EntityFrameworkCore.Database.Command|Executed DbCommand (1ms) [Parameters=[], CommandType='Text', CommandTimeout='30']
SELECT [c].[Id], [c].[Description], [c].[Name]
FROM [Cities] AS [c]
ORDER BY [c].[Name]
2018-10-19 21:27:00.0794|INFO|Microsoft.AspNetCore.Mvc.Internal.ObjectResultExecutor|Executing ObjectResult, writing value Microsoft.AspNetCore.Mvc.ControllerContext.
2018-10-19 21:27:00.1527|INFO|Microsoft.AspNetCore.Mvc.Internal.ControllerActionInvoker|Executed action CityInfo.API.Controllers.CitiesController.GetCities (CityInfo.API) in 493.661ms
2018-10-19 21:27:00.1822|INFO|Microsoft.AspNetCore.Hosting.Internal.WebHost|Request finished in 793.4435ms 200 application/json; charset=utf-8
2018-10-19 21:30:32.1804|INFO|Microsoft.AspNetCore.Hosting.Internal.WebHost|Request starting HTTP/1.1 GET http://localhost:52179/api/cities  
2018-10-19 21:30:33.3439|INFO|Microsoft.AspNetCore.Cors.Infrastructure.CorsService|Policy execution successful.
2018-10-19 21:30:33.6248|INFO|Microsoft.AspNetCore.Cors.Infrastructure.CorsService|Policy execution successful.
2018-10-19 21:30:33.6728|INFO|Microsoft.EntityFrameworkCore.Infrastructure|Entity Framework Core 2.1.4-rtm-31024 initialized 'CityInfoContext' using provider 'Microsoft.EntityFrameworkCore.SqlServer' with options: None
2018-10-19 21:30:33.9330|INFO|Microsoft.EntityFrameworkCore.Database.Command|Executed DbCommand (29ms) [Parameters=[], CommandType='Text', CommandTimeout='30']
SELECT OBJECT_ID(N'[__EFMigrationsHistory]');
2018-10-19 21:30:33.9703|INFO|Microsoft.EntityFrameworkCore.Database.Command|Executed DbCommand (2ms) [Parameters=[], CommandType='Text', CommandTimeout='30']
SELECT OBJECT_ID(N'[__EFMigrationsHistory]');
2018-10-19 21:30:34.0038|INFO|Microsoft.EntityFrameworkCore.Database.Command|Executed DbCommand (16ms) [Parameters=[], CommandType='Text', CommandTimeout='30']
SELECT [MigrationId], [ProductVersion]
FROM [__EFMigrationsHistory]
ORDER BY [MigrationId];
2018-10-19 21:30:34.0394|INFO|Microsoft.EntityFrameworkCore.Migrations|No migrations were applied. The database is already up to date.
2018-10-19 21:30:34.0695|INFO|Microsoft.AspNetCore.Mvc.Internal.ControllerActionInvoker|Executing action method CityInfo.API.Controllers.CitiesController.GetCities (CityInfo.API) with arguments ((null)) - ModelState is Valid
2018-10-19 21:30:34.0956|INFO|Microsoft.EntityFrameworkCore.Database.Command|Executed DbCommand (5ms) [Parameters=[], CommandType='Text', CommandTimeout='30']
SELECT [c].[Id], [c].[Description], [c].[Name]
FROM [Cities] AS [c]
ORDER BY [c].[Name]
2018-10-19 21:30:34.1149|INFO|Microsoft.AspNetCore.Mvc.Internal.ObjectResultExecutor|Executing ObjectResult, writing value Microsoft.AspNetCore.Mvc.ControllerContext.
2018-10-19 21:30:34.1336|INFO|Microsoft.AspNetCore.Mvc.Internal.ControllerActionInvoker|Executed action CityInfo.API.Controllers.CitiesController.GetCities (CityInfo.API) in 765.5265ms
2018-10-19 21:30:34.1549|INFO|Microsoft.AspNetCore.Hosting.Internal.WebHost|Request finished in 2110.8199ms 200 application/json; charset=utf-8
2018-10-19 21:32:23.9018|INFO|Microsoft.EntityFrameworkCore.Database.Command|Executed DbCommand (21ms) [Parameters=[], CommandType='Text', CommandTimeout='30']
SELECT CASE
    WHEN EXISTS (
        SELECT 1
        FROM [Cities] AS [c])
    THEN CAST(1 AS BIT) ELSE CAST(0 AS BIT)
END
2018-10-19 21:32:24.5822|INFO|Microsoft.AspNetCore.Hosting.Internal.WebHost|Request starting HTTP/1.1 GET http://localhost:52179/api/cities  
2018-10-19 21:32:24.6011|INFO|Microsoft.AspNetCore.Cors.Infrastructure.CorsService|Policy execution successful.
2018-10-19 21:32:24.6968|INFO|Microsoft.AspNetCore.Cors.Infrastructure.CorsService|Policy execution successful.
2018-10-19 21:32:24.6968|INFO|Microsoft.EntityFrameworkCore.Infrastructure|Entity Framework Core 2.1.4-rtm-31024 initialized 'CityInfoContext' using provider 'Microsoft.EntityFrameworkCore.SqlServer' with options: None
2018-10-19 21:32:24.7362|INFO|Microsoft.EntityFrameworkCore.Database.Command|Executed DbCommand (17ms) [Parameters=[], CommandType='Text', CommandTimeout='30']
SELECT OBJECT_ID(N'[__EFMigrationsHistory]');
2018-10-19 21:32:24.7718|INFO|Microsoft.EntityFrameworkCore.Database.Command|Executed DbCommand (16ms) [Parameters=[], CommandType='Text', CommandTimeout='30']
SELECT OBJECT_ID(N'[__EFMigrationsHistory]');
2018-10-19 21:32:24.7963|INFO|Microsoft.EntityFrameworkCore.Database.Command|Executed DbCommand (0ms) [Parameters=[], CommandType='Text', CommandTimeout='30']
SELECT [MigrationId], [ProductVersion]
FROM [__EFMigrationsHistory]
ORDER BY [MigrationId];
2018-10-19 21:32:24.8001|INFO|Microsoft.EntityFrameworkCore.Migrations|No migrations were applied. The database is already up to date.
2018-10-19 21:32:24.8001|INFO|Microsoft.AspNetCore.Mvc.Internal.ControllerActionInvoker|Executing action method CityInfo.API.Controllers.CitiesController.GetCities (CityInfo.API) with arguments ((null)) - ModelState is Valid
2018-10-19 21:32:24.9409|INFO|Microsoft.EntityFrameworkCore.Database.Command|Executed DbCommand (1ms) [Parameters=[], CommandType='Text', CommandTimeout='30']
SELECT [c].[Id], [c].[Description], [c].[Name]
FROM [Cities] AS [c]
ORDER BY [c].[Name]
2018-10-19 21:32:25.0712|INFO|Microsoft.AspNetCore.Mvc.Internal.ObjectResultExecutor|Executing ObjectResult, writing value Microsoft.AspNetCore.Mvc.ControllerContext.
2018-10-19 21:32:25.1403|INFO|Microsoft.AspNetCore.Mvc.Internal.ControllerActionInvoker|Executed action CityInfo.API.Controllers.CitiesController.GetCities (CityInfo.API) in 441.5407ms
2018-10-19 21:32:25.1509|INFO|Microsoft.AspNetCore.Hosting.Internal.WebHost|Request finished in 585.8455ms 200 application/json; charset=utf-8
2018-10-19 21:33:11.3005|INFO|Microsoft.AspNetCore.Hosting.Internal.WebHost|Request starting HTTP/1.1 GET http://localhost:52179/api/cities  
2018-10-19 21:33:11.3553|INFO|Microsoft.AspNetCore.Cors.Infrastructure.CorsService|Policy execution successful.
2018-10-19 21:33:11.3707|INFO|Microsoft.AspNetCore.Cors.Infrastructure.CorsService|Policy execution successful.
2018-10-19 21:33:11.3809|INFO|Microsoft.EntityFrameworkCore.Infrastructure|Entity Framework Core 2.1.4-rtm-31024 initialized 'CityInfoContext' using provider 'Microsoft.EntityFrameworkCore.SqlServer' with options: None
2018-10-19 21:33:11.3989|INFO|Microsoft.EntityFrameworkCore.Database.Command|Executed DbCommand (8ms) [Parameters=[], CommandType='Text', CommandTimeout='30']
SELECT OBJECT_ID(N'[__EFMigrationsHistory]');
2018-10-19 21:33:11.3989|INFO|Microsoft.EntityFrameworkCore.Database.Command|Executed DbCommand (4ms) [Parameters=[], CommandType='Text', CommandTimeout='30']
SELECT OBJECT_ID(N'[__EFMigrationsHistory]');
2018-10-19 21:33:11.4173|INFO|Microsoft.EntityFrameworkCore.Database.Command|Executed DbCommand (6ms) [Parameters=[], CommandType='Text', CommandTimeout='30']
SELECT [MigrationId], [ProductVersion]
FROM [__EFMigrationsHistory]
ORDER BY [MigrationId];
2018-10-19 21:33:11.4173|INFO|Microsoft.EntityFrameworkCore.Migrations|No migrations were applied. The database is already up to date.
2018-10-19 21:33:11.4279|INFO|Microsoft.AspNetCore.Mvc.Internal.ControllerActionInvoker|Executing action method CityInfo.API.Controllers.CitiesController.GetCities (CityInfo.API) with arguments ((null)) - ModelState is Valid
2018-10-19 21:33:11.4429|INFO|Microsoft.EntityFrameworkCore.Database.Command|Executed DbCommand (3ms) [Parameters=[], CommandType='Text', CommandTimeout='30']
SELECT [c].[Id], [c].[Description], [c].[Name]
FROM [Cities] AS [c]
ORDER BY [c].[Name]
2018-10-19 21:33:11.4429|INFO|Microsoft.AspNetCore.Mvc.Internal.ObjectResultExecutor|Executing ObjectResult, writing value Microsoft.AspNetCore.Mvc.ControllerContext.
2018-10-19 21:33:11.4577|INFO|Microsoft.AspNetCore.Mvc.Internal.ControllerActionInvoker|Executed action CityInfo.API.Controllers.CitiesController.GetCities (CityInfo.API) in 87.0677ms
2018-10-19 21:33:11.4577|INFO|Microsoft.AspNetCore.Hosting.Internal.WebHost|Request finished in 163.2646ms 200 application/json; charset=utf-8
2018-10-19 21:33:16.7010|INFO|Microsoft.AspNetCore.Hosting.Internal.WebHost|Request starting HTTP/1.1 GET http://localhost:52179/api/cities  
2018-10-19 21:33:16.7010|INFO|Microsoft.AspNetCore.Cors.Infrastructure.CorsService|Policy execution successful.
2018-10-19 21:33:16.7310|INFO|Microsoft.AspNetCore.Cors.Infrastructure.CorsService|Policy execution successful.
2018-10-19 21:33:16.7391|INFO|Microsoft.EntityFrameworkCore.Infrastructure|Entity Framework Core 2.1.4-rtm-31024 initialized 'CityInfoContext' using provider 'Microsoft.EntityFrameworkCore.SqlServer' with options: None
2018-10-19 21:33:16.7682|INFO|Microsoft.EntityFrameworkCore.Database.Command|Executed DbCommand (19ms) [Parameters=[], CommandType='Text', CommandTimeout='30']
SELECT OBJECT_ID(N'[__EFMigrationsHistory]');
2018-10-19 21:33:16.8066|INFO|Microsoft.EntityFrameworkCore.Database.Command|Executed DbCommand (17ms) [Parameters=[], CommandType='Text', CommandTimeout='30']
SELECT OBJECT_ID(N'[__EFMigrationsHistory]');
2018-10-19 21:33:16.8395|INFO|Microsoft.EntityFrameworkCore.Database.Command|Executed DbCommand (16ms) [Parameters=[], CommandType='Text', CommandTimeout='30']
SELECT [MigrationId], [ProductVersion]
FROM [__EFMigrationsHistory]
ORDER BY [MigrationId];
2018-10-19 21:33:16.8395|INFO|Microsoft.EntityFrameworkCore.Migrations|No migrations were applied. The database is already up to date.
2018-10-19 21:33:16.8490|INFO|Microsoft.AspNetCore.Mvc.Internal.ControllerActionInvoker|Executing action method CityInfo.API.Controllers.CitiesController.GetCities (CityInfo.API) with arguments ((null)) - ModelState is Valid
2018-10-19 21:33:16.8490|INFO|Microsoft.EntityFrameworkCore.Database.Command|Executed DbCommand (5ms) [Parameters=[], CommandType='Text', CommandTimeout='30']
SELECT [c].[Id], [c].[Description], [c].[Name]
FROM [Cities] AS [c]
ORDER BY [c].[Name]
2018-10-19 21:33:16.8641|INFO|Microsoft.AspNetCore.Mvc.Internal.ObjectResultExecutor|Executing ObjectResult, writing value Microsoft.AspNetCore.Mvc.ControllerContext.
2018-10-19 21:33:16.8641|INFO|Microsoft.AspNetCore.Mvc.Internal.ControllerActionInvoker|Executed action CityInfo.API.Controllers.CitiesController.GetCities (CityInfo.API) in 137.5373ms
2018-10-19 21:33:16.8641|INFO|Microsoft.AspNetCore.Hosting.Internal.WebHost|Request finished in 171.0387ms 200 application/json; charset=utf-8
